2023-04-01 16:02:42 INFO  Log:11 - =====================================backTc02 TEST START=========================================
2023-04-01 16:02:42 INFO  Log:22 - Enter Email
2023-04-01 16:02:43 INFO  Log:22 - Click on next button
2023-04-01 16:02:43 INFO  Log:22 - Navigated to password page
2023-04-01 16:02:46 INFO  Log:22 - Click on back button
2023-04-01 16:06:47 INFO  Log:11 - =====================================backTc02 TEST START=========================================
2023-04-01 16:06:47 INFO  Log:22 - Enter Email
2023-04-01 16:06:48 INFO  Log:22 - Click on next button
2023-04-01 16:06:48 INFO  Log:22 - Navigated to password page
2023-04-01 16:06:51 INFO  Log:22 - Click on back button
2023-04-01 16:06:54 INFO  Log:11 - =====================================loginTc01 TEST START=========================================
2023-04-01 16:06:54 INFO  Log:22 - enter email and password
2023-04-01 16:06:54 INFO  Log:22 - enter email
2023-04-01 16:06:58 INFO  Log:22 - click on next button
2023-04-01 16:06:58 INFO  Log:22 - Enter password
2023-04-01 16:06:58 INFO  Log:22 - Click login button
2023-04-01 16:06:58 INFO  Log:22 - login successfull
2023-04-01 16:06:58 INFO  Log:15 - =====================================loginTc01 TEST END=========================================
2023-04-02 08:54:08 INFO  Log:11 - =====================================backTc02 TEST START=========================================
2023-04-02 08:54:08 INFO  Log:22 - Enter Email
2023-04-02 08:54:08 INFO  Log:22 - Click on next button
2023-04-02 08:54:09 INFO  Log:22 - Navigated to password page
2023-04-02 08:54:12 INFO  Log:22 - Click on back button
2023-04-02 08:54:12 INFO  Log:22 - successfully navigated back to email page
2023-04-02 08:54:12 INFO  Log:15 - =====================================backTc02 TEST END=========================================
2023-04-02 08:54:15 INFO  Log:11 - =====================================loginTc01 TEST START=========================================
2023-04-02 08:54:15 INFO  Log:22 - enter email and password
2023-04-02 08:54:15 INFO  Log:22 - Enter email
2023-04-02 08:54:18 INFO  Log:22 - click on next button
2023-04-02 08:54:18 INFO  Log:22 - Enter password
2023-04-02 08:54:18 INFO  Log:22 - Click on login button
2023-04-02 08:54:18 DEBUG cache:45 - Couldn't find template in cache for "v3html/v3-html-index.ftl"("en", UTF-8, parsed); will try to load it.
2023-04-02 08:54:18 DEBUG cache:45 - TemplateLoader.findTemplateSource("v3html/v3-html-index_en.ftl"): Not found
2023-04-02 08:54:18 DEBUG cache:45 - TemplateLoader.findTemplateSource("v3html/v3-html-index.ftl"): Found
2023-04-02 08:54:18 DEBUG cache:45 - Loading template for "v3html/v3-html-index.ftl"("en", UTF-8, parsed) from "jar:file:/C:/Users/$G22000-HBGC7AJ48B0G/.m2/repository/com/aventstack/extentreports/4.0.9/extentreports-4.0.9.jar!/com/aventstack/extentreports/view/v3html/v3-html-index.ftl"
2023-04-02 08:54:18 DEBUG cache:45 - Couldn't find template in cache for "v3html/v3-html-head.ftl"("en", UTF-8, parsed); will try to load it.
2023-04-02 08:54:18 DEBUG cache:45 - TemplateLoader.findTemplateSource("v3html/v3-html-head_en.ftl"): Not found
2023-04-02 08:54:18 DEBUG cache:45 - TemplateLoader.findTemplateSource("v3html/v3-html-head.ftl"): Found
2023-04-02 08:54:18 DEBUG cache:45 - Loading template for "v3html/v3-html-head.ftl"("en", UTF-8, parsed) from "jar:file:/C:/Users/$G22000-HBGC7AJ48B0G/.m2/repository/com/aventstack/extentreports/4.0.9/extentreports-4.0.9.jar!/com/aventstack/extentreports/view/v3html/v3-html-head.ftl"
2023-04-02 08:54:18 DEBUG cache:45 - Couldn't find template in cache for "v3html/v3-html-nav.ftl"("en", UTF-8, parsed); will try to load it.
2023-04-02 08:54:18 DEBUG cache:45 - TemplateLoader.findTemplateSource("v3html/v3-html-nav_en.ftl"): Not found
2023-04-02 08:54:18 DEBUG cache:45 - TemplateLoader.findTemplateSource("v3html/v3-html-nav.ftl"): Found
2023-04-02 08:54:18 DEBUG cache:45 - Loading template for "v3html/v3-html-nav.ftl"("en", UTF-8, parsed) from "jar:file:/C:/Users/$G22000-HBGC7AJ48B0G/.m2/repository/com/aventstack/extentreports/4.0.9/extentreports-4.0.9.jar!/com/aventstack/extentreports/view/v3html/v3-html-nav.ftl"
2023-04-02 08:54:18 DEBUG cache:45 - Couldn't find template in cache for "v3html/test-view/v3-html-test-view.ftl"("en", UTF-8, parsed); will try to load it.
2023-04-02 08:54:18 DEBUG cache:45 - TemplateLoader.findTemplateSource("v3html/test-view/v3-html-test-view_en.ftl"): Not found
2023-04-02 08:54:18 DEBUG cache:45 - TemplateLoader.findTemplateSource("v3html/test-view/v3-html-test-view.ftl"): Found
2023-04-02 08:54:18 DEBUG cache:45 - Loading template for "v3html/test-view/v3-html-test-view.ftl"("en", UTF-8, parsed) from "jar:file:/C:/Users/$G22000-HBGC7AJ48B0G/.m2/repository/com/aventstack/extentreports/4.0.9/extentreports-4.0.9.jar!/com/aventstack/extentreports/view/v3html/test-view/v3-html-test-view.ftl"
2023-04-02 08:54:18 DEBUG cache:45 - Couldn't find template in cache for "v3html/test-view/v3-html-test-view-charts.ftl"("en", UTF-8, parsed); will try to load it.
2023-04-02 08:54:18 DEBUG cache:45 - TemplateLoader.findTemplateSource("v3html/test-view/v3-html-test-view-charts_en.ftl"): Not found
2023-04-02 08:54:18 DEBUG cache:45 - TemplateLoader.findTemplateSource("v3html/test-view/v3-html-test-view-charts.ftl"): Found
2023-04-02 08:54:18 DEBUG cache:45 - Loading template for "v3html/test-view/v3-html-test-view-charts.ftl"("en", UTF-8, parsed) from "jar:file:/C:/Users/$G22000-HBGC7AJ48B0G/.m2/repository/com/aventstack/extentreports/4.0.9/extentreports-4.0.9.jar!/com/aventstack/extentreports/view/v3html/test-view/v3-html-test-view-charts.ftl"
2023-04-02 08:54:18 DEBUG cache:45 - Couldn't find template in cache for "v3html/test-view/v3-html-standard.ftl"("en", UTF-8, parsed); will try to load it.
2023-04-02 08:54:18 DEBUG cache:45 - TemplateLoader.findTemplateSource("v3html/test-view/v3-html-standard_en.ftl"): Not found
2023-04-02 08:54:18 DEBUG cache:45 - TemplateLoader.findTemplateSource("v3html/test-view/v3-html-standard.ftl"): Found
2023-04-02 08:54:18 DEBUG cache:45 - Loading template for "v3html/test-view/v3-html-standard.ftl"("en", UTF-8, parsed) from "jar:file:/C:/Users/$G22000-HBGC7AJ48B0G/.m2/repository/com/aventstack/extentreports/4.0.9/extentreports-4.0.9.jar!/com/aventstack/extentreports/view/v3html/test-view/v3-html-standard.ftl"
2023-04-02 08:54:18 DEBUG cache:45 - "v3html/test-view/v3-html-standard.ftl"("en", UTF-8, parsed) cached copy not yet stale; using cached.
2023-04-02 08:54:18 DEBUG cache:45 - Couldn't find template in cache for "v3html/category-view/v3-html-category-view.ftl"("en", UTF-8, parsed); will try to load it.
2023-04-02 08:54:18 DEBUG cache:45 - TemplateLoader.findTemplateSource("v3html/category-view/v3-html-category-view_en.ftl"): Not found
2023-04-02 08:54:18 DEBUG cache:45 - TemplateLoader.findTemplateSource("v3html/category-view/v3-html-category-view.ftl"): Found
2023-04-02 08:54:18 DEBUG cache:45 - Loading template for "v3html/category-view/v3-html-category-view.ftl"("en", UTF-8, parsed) from "jar:file:/C:/Users/$G22000-HBGC7AJ48B0G/.m2/repository/com/aventstack/extentreports/4.0.9/extentreports-4.0.9.jar!/com/aventstack/extentreports/view/v3html/category-view/v3-html-category-view.ftl"
2023-04-02 08:54:18 DEBUG cache:45 - Couldn't find template in cache for "v3html/exception-view/v3-html-exception-view.ftl"("en", UTF-8, parsed); will try to load it.
2023-04-02 08:54:18 DEBUG cache:45 - TemplateLoader.findTemplateSource("v3html/exception-view/v3-html-exception-view_en.ftl"): Not found
2023-04-02 08:54:18 DEBUG cache:45 - TemplateLoader.findTemplateSource("v3html/exception-view/v3-html-exception-view.ftl"): Found
2023-04-02 08:54:18 DEBUG cache:45 - Loading template for "v3html/exception-view/v3-html-exception-view.ftl"("en", UTF-8, parsed) from "jar:file:/C:/Users/$G22000-HBGC7AJ48B0G/.m2/repository/com/aventstack/extentreports/4.0.9/extentreports-4.0.9.jar!/com/aventstack/extentreports/view/v3html/exception-view/v3-html-exception-view.ftl"
2023-04-02 08:54:19 DEBUG cache:45 - Couldn't find template in cache for "v3html/author-view/v3-html-author-view.ftl"("en", UTF-8, parsed); will try to load it.
2023-04-02 08:54:19 DEBUG cache:45 - TemplateLoader.findTemplateSource("v3html/author-view/v3-html-author-view_en.ftl"): Not found
2023-04-02 08:54:19 DEBUG cache:45 - TemplateLoader.findTemplateSource("v3html/author-view/v3-html-author-view.ftl"): Found
2023-04-02 08:54:19 DEBUG cache:45 - Loading template for "v3html/author-view/v3-html-author-view.ftl"("en", UTF-8, parsed) from "jar:file:/C:/Users/$G22000-HBGC7AJ48B0G/.m2/repository/com/aventstack/extentreports/4.0.9/extentreports-4.0.9.jar!/com/aventstack/extentreports/view/v3html/author-view/v3-html-author-view.ftl"
2023-04-02 08:54:19 DEBUG cache:45 - Couldn't find template in cache for "v3html/dashboard-view/v3-html-dashboard-view.ftl"("en", UTF-8, parsed); will try to load it.
2023-04-02 08:54:19 DEBUG cache:45 - TemplateLoader.findTemplateSource("v3html/dashboard-view/v3-html-dashboard-view_en.ftl"): Not found
2023-04-02 08:54:19 DEBUG cache:45 - TemplateLoader.findTemplateSource("v3html/dashboard-view/v3-html-dashboard-view.ftl"): Found
2023-04-02 08:54:19 DEBUG cache:45 - Loading template for "v3html/dashboard-view/v3-html-dashboard-view.ftl"("en", UTF-8, parsed) from "jar:file:/C:/Users/$G22000-HBGC7AJ48B0G/.m2/repository/com/aventstack/extentreports/4.0.9/extentreports-4.0.9.jar!/com/aventstack/extentreports/view/v3html/dashboard-view/v3-html-dashboard-view.ftl"
2023-04-02 08:54:19 DEBUG cache:45 - Couldn't find template in cache for "v3html/logs-view/v3-html-testrunner-logs-view.ftl"("en", UTF-8, parsed); will try to load it.
2023-04-02 08:54:19 DEBUG cache:45 - TemplateLoader.findTemplateSource("v3html/logs-view/v3-html-testrunner-logs-view_en.ftl"): Not found
2023-04-02 08:54:19 DEBUG cache:45 - TemplateLoader.findTemplateSource("v3html/logs-view/v3-html-testrunner-logs-view.ftl"): Found
2023-04-02 08:54:19 DEBUG cache:45 - Loading template for "v3html/logs-view/v3-html-testrunner-logs-view.ftl"("en", UTF-8, parsed) from "jar:file:/C:/Users/$G22000-HBGC7AJ48B0G/.m2/repository/com/aventstack/extentreports/4.0.9/extentreports-4.0.9.jar!/com/aventstack/extentreports/view/v3html/logs-view/v3-html-testrunner-logs-view.ftl"
2023-04-03 13:00:38 INFO  Log:11 - =============backTc02 TEST START================
2023-04-03 13:00:38 INFO  Log:22 - Enter Email
2023-04-03 13:00:38 INFO  Log:22 - Click on next button
2023-04-03 13:00:39 INFO  Log:22 - Navigated to password page
2023-04-03 13:00:42 INFO  Log:22 - Click on back button
2023-04-03 13:00:42 INFO  Log:22 - successfully navigated back to email page
2023-04-03 13:00:42 INFO  Log:15 - ==============backTc02 TEST END==================
2023-04-03 13:00:45 INFO  Log:11 - =============empProductivityTc03 TEST START================
2023-04-03 13:00:45 INFO  Log:22 - enter email and password
2023-04-03 13:00:45 INFO  Log:22 - Enter email
2023-04-03 13:00:48 INFO  Log:22 - click on next button
2023-04-03 13:00:48 INFO  Log:22 - Enter password
2023-04-03 13:00:49 INFO  Log:22 - Click on login button
2023-04-03 13:00:49 INFO  Log:22 - login successfull
2023-04-03 13:00:49 INFO  Log:15 - ==============empProductivityTc03 TEST END==================
2023-04-03 13:02:26 INFO  Log:11 - =============loginTc01 TEST START================
2023-04-03 13:02:26 INFO  Log:22 - enter email and password
2023-04-03 13:02:26 INFO  Log:22 - Enter email
2023-04-03 13:02:29 INFO  Log:22 - click on next button
2023-04-03 13:02:29 INFO  Log:22 - Enter password
2023-04-03 13:02:30 INFO  Log:22 - Click on login button
2023-04-03 13:02:30 INFO  Log:22 - login successfull
2023-04-03 13:02:30 INFO  Log:15 - ==============loginTc01 TEST END==================
2023-04-03 13:10:49 INFO  Log:11 - =============backTc02 TEST START================
2023-04-03 13:10:49 INFO  Log:22 - Enter Email
2023-04-03 13:10:50 INFO  Log:22 - Click on next button
2023-04-03 13:10:50 INFO  Log:22 - Navigated to password page
2023-04-03 13:10:53 INFO  Log:22 - Click on back button
2023-04-03 13:10:53 INFO  Log:22 - successfully navigated back to email page
2023-04-03 13:10:53 INFO  Log:15 - ==============backTc02 TEST END==================
2023-04-03 13:10:56 INFO  Log:11 - =============empProductivityTc03 TEST START================
2023-04-03 13:10:56 INFO  Log:22 - enter email and password
2023-04-03 13:10:56 INFO  Log:22 - Enter email
2023-04-03 13:10:59 INFO  Log:22 - click on next button
2023-04-03 13:10:59 INFO  Log:22 - Enter password
2023-04-03 13:11:00 INFO  Log:22 - Click on login button
2023-04-03 13:11:00 INFO  Log:22 - login successfull
2023-04-03 13:12:34 INFO  Log:15 - ==============empProductivityTc03 TEST END==================
2023-04-03 13:12:37 INFO  Log:11 - =============loginTc01 TEST START================
2023-04-03 13:12:37 INFO  Log:22 - enter email and password
2023-04-03 13:12:37 INFO  Log:22 - Enter email
2023-04-03 13:12:40 INFO  Log:22 - click on next button
2023-04-03 13:12:40 INFO  Log:22 - Enter password
2023-04-03 13:12:40 INFO  Log:22 - Click on login button
2023-04-03 13:12:40 INFO  Log:22 - login successfull
2023-04-03 13:12:40 INFO  Log:15 - ==============loginTc01 TEST END==================
2023-04-03 13:17:02 INFO  Log:11 - =============backTc02 TEST START================
2023-04-03 13:17:02 INFO  Log:22 - Enter Email
2023-04-03 13:17:02 INFO  Log:22 - Click on next button
2023-04-03 13:17:02 INFO  Log:22 - Navigated to password page
2023-04-03 13:17:05 INFO  Log:22 - Click on back button
2023-04-03 13:17:05 INFO  Log:22 - successfully navigated back to email page
2023-04-03 13:17:05 INFO  Log:15 - ==============backTc02 TEST END==================
2023-04-03 13:17:08 INFO  Log:11 - =============empProductivityTc03 TEST START================
2023-04-03 13:17:08 INFO  Log:22 - enter email and password
2023-04-03 13:17:08 INFO  Log:22 - Enter email
2023-04-03 13:17:12 INFO  Log:22 - click on next button
2023-04-03 13:17:12 INFO  Log:22 - Enter password
2023-04-03 13:17:12 INFO  Log:22 - Click on login button
2023-04-03 13:17:15 INFO  Log:11 - =============loginTc01 TEST START================
2023-04-03 13:17:15 INFO  Log:22 - enter email and password
2023-04-03 13:17:15 INFO  Log:22 - Enter email
2023-04-03 13:17:18 INFO  Log:22 - click on next button
2023-04-03 13:17:18 INFO  Log:22 - Enter password
2023-04-03 13:17:19 INFO  Log:22 - Click on login button
2023-04-03 13:19:30 INFO  Log:11 - =============backTc02 TEST START================
2023-04-03 13:19:30 INFO  Log:22 - Enter Email
2023-04-03 13:19:30 INFO  Log:22 - Click on next button
2023-04-03 13:19:30 INFO  Log:22 - Navigated to password page
2023-04-03 13:19:33 INFO  Log:22 - Click on back button
2023-04-03 13:19:33 INFO  Log:22 - successfully navigated back to email page
2023-04-03 13:19:33 INFO  Log:15 - ==============backTc02 TEST END==================
2023-04-03 13:19:36 INFO  Log:11 - =============loginTc01 TEST START================
2023-04-03 13:19:36 INFO  Log:22 - enter email and password
2023-04-03 13:19:36 INFO  Log:22 - Enter email
2023-04-03 13:19:40 INFO  Log:22 - click on next button
2023-04-03 13:19:40 INFO  Log:22 - Enter password
2023-04-03 13:19:40 INFO  Log:22 - Click on login button
2023-04-03 13:19:40 INFO  Log:22 - login successfull
2023-04-03 13:19:40 INFO  Log:15 - ==============loginTc01 TEST END==================
2023-04-03 13:20:56 INFO  Log:11 - =============backTc02 TEST START================
2023-04-03 13:20:56 INFO  Log:22 - Enter Email
2023-04-03 13:20:57 INFO  Log:22 - Click on next button
2023-04-03 13:20:57 INFO  Log:22 - Navigated to password page
2023-04-03 13:21:00 INFO  Log:22 - Click on back button
2023-04-03 13:21:00 INFO  Log:22 - successfully navigated back to email page
2023-04-03 13:21:00 INFO  Log:15 - ==============backTc02 TEST END==================
2023-04-03 13:21:03 INFO  Log:11 - =============loginTc01 TEST START================
2023-04-03 13:21:03 INFO  Log:22 - enter email and password
2023-04-03 13:21:03 INFO  Log:22 - Enter email
2023-04-03 13:21:06 INFO  Log:22 - click on next button
2023-04-03 13:21:07 INFO  Log:22 - Enter password
2023-04-03 13:21:07 INFO  Log:22 - Click on login button
2023-04-03 13:21:07 INFO  Log:22 - login successfull
2023-04-03 13:21:07 INFO  Log:15 - ==============loginTc01 TEST END==================
2023-04-03 13:33:52 INFO  Log:11 - =============backTc02 TEST START================
2023-04-03 13:33:52 INFO  Log:22 - Enter Email
2023-04-03 13:33:53 INFO  Log:22 - Click on next button
2023-04-03 13:33:53 INFO  Log:22 - Navigated to password page
2023-04-03 13:33:56 INFO  Log:22 - Click on back button
2023-04-03 13:33:56 INFO  Log:22 - successfully navigated back to email page
2023-04-03 13:33:56 INFO  Log:15 - ==============backTc02 TEST END==================
2023-04-03 13:33:59 INFO  Log:11 - =============loginTc01 TEST START================
2023-04-03 13:33:59 INFO  Log:22 - enter email and password
2023-04-03 13:33:59 INFO  Log:22 - Enter email
2023-04-03 13:34:02 INFO  Log:22 - click on next button
2023-04-03 13:34:02 INFO  Log:22 - Enter password
2023-04-03 13:34:02 INFO  Log:22 - Click on login button
2023-04-03 13:34:03 INFO  Log:22 - login successfull
2023-04-03 13:34:03 INFO  Log:15 - ==============loginTc01 TEST END==================
2023-04-03 14:16:25 INFO  Log:11 - =============backTc02 TEST START================
2023-04-03 14:16:25 INFO  Log:22 - Enter Email
2023-04-03 14:16:25 INFO  Log:22 - Click on next button
2023-04-03 14:16:26 INFO  Log:22 - Navigated to password page
2023-04-03 14:16:29 INFO  Log:22 - Click on back button
2023-04-03 14:16:29 INFO  Log:22 - successfully navigated back to email page
2023-04-03 14:16:29 INFO  Log:15 - ==============backTc02 TEST END==================
2023-04-03 14:16:32 INFO  Log:11 - =============loginTc01 TEST START================
2023-04-03 14:16:32 INFO  Log:22 - enter email and password
2023-04-03 14:16:32 INFO  Log:22 - Enter email
2023-04-03 14:16:35 INFO  Log:22 - click on next button
2023-04-03 14:16:35 INFO  Log:22 - Enter password
2023-04-03 14:16:35 INFO  Log:22 - Click on login button
2023-04-03 14:16:35 INFO  Log:22 - login successfull
2023-04-03 14:16:35 INFO  Log:15 - ==============loginTc01 TEST END==================
2023-04-03 14:16:35 DEBUG cache:45 - Couldn't find template in cache for "v3html/v3-html-index.ftl"("en", UTF-8, parsed); will try to load it.
2023-04-03 14:16:35 DEBUG cache:45 - TemplateLoader.findTemplateSource("v3html/v3-html-index_en.ftl"): Not found
2023-04-03 14:16:35 DEBUG cache:45 - TemplateLoader.findTemplateSource("v3html/v3-html-index.ftl"): Found
2023-04-03 14:16:35 DEBUG cache:45 - Loading template for "v3html/v3-html-index.ftl"("en", UTF-8, parsed) from "jar:file:/C:/Users/$G22000-HBGC7AJ48B0G/.m2/repository/com/aventstack/extentreports/4.0.9/extentreports-4.0.9.jar!/com/aventstack/extentreports/view/v3html/v3-html-index.ftl"
2023-04-03 14:16:36 DEBUG cache:45 - Couldn't find template in cache for "v3html/v3-html-head.ftl"("en", UTF-8, parsed); will try to load it.
2023-04-03 14:16:36 DEBUG cache:45 - TemplateLoader.findTemplateSource("v3html/v3-html-head_en.ftl"): Not found
2023-04-03 14:16:36 DEBUG cache:45 - TemplateLoader.findTemplateSource("v3html/v3-html-head.ftl"): Found
2023-04-03 14:16:36 DEBUG cache:45 - Loading template for "v3html/v3-html-head.ftl"("en", UTF-8, parsed) from "jar:file:/C:/Users/$G22000-HBGC7AJ48B0G/.m2/repository/com/aventstack/extentreports/4.0.9/extentreports-4.0.9.jar!/com/aventstack/extentreports/view/v3html/v3-html-head.ftl"
2023-04-03 14:16:36 DEBUG cache:45 - Couldn't find template in cache for "v3html/v3-html-nav.ftl"("en", UTF-8, parsed); will try to load it.
2023-04-03 14:16:36 DEBUG cache:45 - TemplateLoader.findTemplateSource("v3html/v3-html-nav_en.ftl"): Not found
2023-04-03 14:16:36 DEBUG cache:45 - TemplateLoader.findTemplateSource("v3html/v3-html-nav.ftl"): Found
2023-04-03 14:16:36 DEBUG cache:45 - Loading template for "v3html/v3-html-nav.ftl"("en", UTF-8, parsed) from "jar:file:/C:/Users/$G22000-HBGC7AJ48B0G/.m2/repository/com/aventstack/extentreports/4.0.9/extentreports-4.0.9.jar!/com/aventstack/extentreports/view/v3html/v3-html-nav.ftl"
2023-04-03 14:16:36 DEBUG cache:45 - Couldn't find template in cache for "v3html/test-view/v3-html-test-view.ftl"("en", UTF-8, parsed); will try to load it.
2023-04-03 14:16:36 DEBUG cache:45 - TemplateLoader.findTemplateSource("v3html/test-view/v3-html-test-view_en.ftl"): Not found
2023-04-03 14:16:36 DEBUG cache:45 - TemplateLoader.findTemplateSource("v3html/test-view/v3-html-test-view.ftl"): Found
2023-04-03 14:16:36 DEBUG cache:45 - Loading template for "v3html/test-view/v3-html-test-view.ftl"("en", UTF-8, parsed) from "jar:file:/C:/Users/$G22000-HBGC7AJ48B0G/.m2/repository/com/aventstack/extentreports/4.0.9/extentreports-4.0.9.jar!/com/aventstack/extentreports/view/v3html/test-view/v3-html-test-view.ftl"
2023-04-03 14:16:36 DEBUG cache:45 - Couldn't find template in cache for "v3html/test-view/v3-html-test-view-charts.ftl"("en", UTF-8, parsed); will try to load it.
2023-04-03 14:16:36 DEBUG cache:45 - TemplateLoader.findTemplateSource("v3html/test-view/v3-html-test-view-charts_en.ftl"): Not found
2023-04-03 14:16:36 DEBUG cache:45 - TemplateLoader.findTemplateSource("v3html/test-view/v3-html-test-view-charts.ftl"): Found
2023-04-03 14:16:36 DEBUG cache:45 - Loading template for "v3html/test-view/v3-html-test-view-charts.ftl"("en", UTF-8, parsed) from "jar:file:/C:/Users/$G22000-HBGC7AJ48B0G/.m2/repository/com/aventstack/extentreports/4.0.9/extentreports-4.0.9.jar!/com/aventstack/extentreports/view/v3html/test-view/v3-html-test-view-charts.ftl"
2023-04-03 14:16:36 DEBUG cache:45 - Couldn't find template in cache for "v3html/test-view/v3-html-standard.ftl"("en", UTF-8, parsed); will try to load it.
2023-04-03 14:16:36 DEBUG cache:45 - TemplateLoader.findTemplateSource("v3html/test-view/v3-html-standard_en.ftl"): Not found
2023-04-03 14:16:36 DEBUG cache:45 - TemplateLoader.findTemplateSource("v3html/test-view/v3-html-standard.ftl"): Found
2023-04-03 14:16:36 DEBUG cache:45 - Loading template for "v3html/test-view/v3-html-standard.ftl"("en", UTF-8, parsed) from "jar:file:/C:/Users/$G22000-HBGC7AJ48B0G/.m2/repository/com/aventstack/extentreports/4.0.9/extentreports-4.0.9.jar!/com/aventstack/extentreports/view/v3html/test-view/v3-html-standard.ftl"
2023-04-03 14:16:36 DEBUG cache:45 - "v3html/test-view/v3-html-standard.ftl"("en", UTF-8, parsed) cached copy not yet stale; using cached.
2023-04-03 14:16:36 DEBUG cache:45 - Couldn't find template in cache for "v3html/category-view/v3-html-category-view.ftl"("en", UTF-8, parsed); will try to load it.
2023-04-03 14:16:36 DEBUG cache:45 - TemplateLoader.findTemplateSource("v3html/category-view/v3-html-category-view_en.ftl"): Not found
2023-04-03 14:16:36 DEBUG cache:45 - TemplateLoader.findTemplateSource("v3html/category-view/v3-html-category-view.ftl"): Found
2023-04-03 14:16:36 DEBUG cache:45 - Loading template for "v3html/category-view/v3-html-category-view.ftl"("en", UTF-8, parsed) from "jar:file:/C:/Users/$G22000-HBGC7AJ48B0G/.m2/repository/com/aventstack/extentreports/4.0.9/extentreports-4.0.9.jar!/com/aventstack/extentreports/view/v3html/category-view/v3-html-category-view.ftl"
2023-04-03 14:16:36 DEBUG cache:45 - Couldn't find template in cache for "v3html/exception-view/v3-html-exception-view.ftl"("en", UTF-8, parsed); will try to load it.
2023-04-03 14:16:36 DEBUG cache:45 - TemplateLoader.findTemplateSource("v3html/exception-view/v3-html-exception-view_en.ftl"): Not found
2023-04-03 14:16:36 DEBUG cache:45 - TemplateLoader.findTemplateSource("v3html/exception-view/v3-html-exception-view.ftl"): Found
2023-04-03 14:16:36 DEBUG cache:45 - Loading template for "v3html/exception-view/v3-html-exception-view.ftl"("en", UTF-8, parsed) from "jar:file:/C:/Users/$G22000-HBGC7AJ48B0G/.m2/repository/com/aventstack/extentreports/4.0.9/extentreports-4.0.9.jar!/com/aventstack/extentreports/view/v3html/exception-view/v3-html-exception-view.ftl"
2023-04-03 14:16:36 DEBUG cache:45 - Couldn't find template in cache for "v3html/author-view/v3-html-author-view.ftl"("en", UTF-8, parsed); will try to load it.
2023-04-03 14:16:36 DEBUG cache:45 - TemplateLoader.findTemplateSource("v3html/author-view/v3-html-author-view_en.ftl"): Not found
2023-04-03 14:16:36 DEBUG cache:45 - TemplateLoader.findTemplateSource("v3html/author-view/v3-html-author-view.ftl"): Found
2023-04-03 14:16:36 DEBUG cache:45 - Loading template for "v3html/author-view/v3-html-author-view.ftl"("en", UTF-8, parsed) from "jar:file:/C:/Users/$G22000-HBGC7AJ48B0G/.m2/repository/com/aventstack/extentreports/4.0.9/extentreports-4.0.9.jar!/com/aventstack/extentreports/view/v3html/author-view/v3-html-author-view.ftl"
2023-04-03 14:16:36 DEBUG cache:45 - Couldn't find template in cache for "v3html/dashboard-view/v3-html-dashboard-view.ftl"("en", UTF-8, parsed); will try to load it.
2023-04-03 14:16:36 DEBUG cache:45 - TemplateLoader.findTemplateSource("v3html/dashboard-view/v3-html-dashboard-view_en.ftl"): Not found
2023-04-03 14:16:36 DEBUG cache:45 - TemplateLoader.findTemplateSource("v3html/dashboard-view/v3-html-dashboard-view.ftl"): Found
2023-04-03 14:16:36 DEBUG cache:45 - Loading template for "v3html/dashboard-view/v3-html-dashboard-view.ftl"("en", UTF-8, parsed) from "jar:file:/C:/Users/$G22000-HBGC7AJ48B0G/.m2/repository/com/aventstack/extentreports/4.0.9/extentreports-4.0.9.jar!/com/aventstack/extentreports/view/v3html/dashboard-view/v3-html-dashboard-view.ftl"
2023-04-03 14:16:36 DEBUG cache:45 - Couldn't find template in cache for "v3html/logs-view/v3-html-testrunner-logs-view.ftl"("en", UTF-8, parsed); will try to load it.
2023-04-03 14:16:36 DEBUG cache:45 - TemplateLoader.findTemplateSource("v3html/logs-view/v3-html-testrunner-logs-view_en.ftl"): Not found
2023-04-03 14:16:36 DEBUG cache:45 - TemplateLoader.findTemplateSource("v3html/logs-view/v3-html-testrunner-logs-view.ftl"): Found
2023-04-03 14:16:36 DEBUG cache:45 - Loading template for "v3html/logs-view/v3-html-testrunner-logs-view.ftl"("en", UTF-8, parsed) from "jar:file:/C:/Users/$G22000-HBGC7AJ48B0G/.m2/repository/com/aventstack/extentreports/4.0.9/extentreports-4.0.9.jar!/com/aventstack/extentreports/view/v3html/logs-view/v3-html-testrunner-logs-view.ftl"
2023-04-03 14:18:27 INFO  Log:11 - =============backTc02 TEST START================
2023-04-03 14:18:27 INFO  Log:22 - Enter Email
2023-04-03 14:18:27 INFO  Log:22 - Click on next button
2023-04-03 14:18:27 INFO  Log:22 - Navigated to password page
2023-04-03 14:18:30 INFO  Log:22 - Click on back button
2023-04-03 14:18:30 INFO  Log:22 - successfully navigated back to email page
2023-04-03 14:18:30 INFO  Log:15 - ==============backTc02 TEST END==================
2023-04-03 14:18:39 INFO  Log:11 - =============empProductivityTc03 TEST START================
2023-04-03 14:18:39 INFO  Log:22 - enter email and password
2023-04-03 14:18:39 INFO  Log:22 - Enter email
2023-04-03 14:18:42 INFO  Log:22 - click on next button
2023-04-03 14:18:42 INFO  Log:22 - Enter password
2023-04-03 14:18:43 INFO  Log:22 - Click on login button
2023-04-03 14:18:43 INFO  Log:22 - login successfull
2023-04-03 14:19:22 INFO  Log:15 - ==============empProductivityTc03 TEST END==================
2023-04-03 14:19:25 INFO  Log:11 - =============loginTc01 TEST START================
2023-04-03 14:19:25 INFO  Log:22 - enter email and password
2023-04-03 14:19:25 INFO  Log:22 - Enter email
2023-04-03 14:19:29 INFO  Log:22 - click on next button
2023-04-03 14:19:29 INFO  Log:22 - Enter password
2023-04-03 14:19:29 INFO  Log:22 - Click on login button
2023-04-03 14:19:29 INFO  Log:22 - login successfull
2023-04-03 14:19:29 INFO  Log:15 - ==============loginTc01 TEST END==================
2023-04-03 14:19:29 DEBUG cache:45 - Couldn't find template in cache for "v3html/v3-html-index.ftl"("en", UTF-8, parsed); will try to load it.
2023-04-03 14:19:29 DEBUG cache:45 - TemplateLoader.findTemplateSource("v3html/v3-html-index_en.ftl"): Not found
2023-04-03 14:19:29 DEBUG cache:45 - TemplateLoader.findTemplateSource("v3html/v3-html-index.ftl"): Found
2023-04-03 14:19:29 DEBUG cache:45 - Loading template for "v3html/v3-html-index.ftl"("en", UTF-8, parsed) from "jar:file:/C:/Users/$G22000-HBGC7AJ48B0G/.m2/repository/com/aventstack/extentreports/4.0.9/extentreports-4.0.9.jar!/com/aventstack/extentreports/view/v3html/v3-html-index.ftl"
2023-04-03 14:19:29 DEBUG cache:45 - Couldn't find template in cache for "v3html/v3-html-head.ftl"("en", UTF-8, parsed); will try to load it.
2023-04-03 14:19:29 DEBUG cache:45 - TemplateLoader.findTemplateSource("v3html/v3-html-head_en.ftl"): Not found
2023-04-03 14:19:29 DEBUG cache:45 - TemplateLoader.findTemplateSource("v3html/v3-html-head.ftl"): Found
2023-04-03 14:19:29 DEBUG cache:45 - Loading template for "v3html/v3-html-head.ftl"("en", UTF-8, parsed) from "jar:file:/C:/Users/$G22000-HBGC7AJ48B0G/.m2/repository/com/aventstack/extentreports/4.0.9/extentreports-4.0.9.jar!/com/aventstack/extentreports/view/v3html/v3-html-head.ftl"
2023-04-03 14:19:29 DEBUG cache:45 - Couldn't find template in cache for "v3html/v3-html-nav.ftl"("en", UTF-8, parsed); will try to load it.
2023-04-03 14:19:29 DEBUG cache:45 - TemplateLoader.findTemplateSource("v3html/v3-html-nav_en.ftl"): Not found
2023-04-03 14:19:29 DEBUG cache:45 - TemplateLoader.findTemplateSource("v3html/v3-html-nav.ftl"): Found
2023-04-03 14:19:29 DEBUG cache:45 - Loading template for "v3html/v3-html-nav.ftl"("en", UTF-8, parsed) from "jar:file:/C:/Users/$G22000-HBGC7AJ48B0G/.m2/repository/com/aventstack/extentreports/4.0.9/extentreports-4.0.9.jar!/com/aventstack/extentreports/view/v3html/v3-html-nav.ftl"
2023-04-03 14:19:29 DEBUG cache:45 - Couldn't find template in cache for "v3html/test-view/v3-html-test-view.ftl"("en", UTF-8, parsed); will try to load it.
2023-04-03 14:19:29 DEBUG cache:45 - TemplateLoader.findTemplateSource("v3html/test-view/v3-html-test-view_en.ftl"): Not found
2023-04-03 14:19:29 DEBUG cache:45 - TemplateLoader.findTemplateSource("v3html/test-view/v3-html-test-view.ftl"): Found
2023-04-03 14:19:29 DEBUG cache:45 - Loading template for "v3html/test-view/v3-html-test-view.ftl"("en", UTF-8, parsed) from "jar:file:/C:/Users/$G22000-HBGC7AJ48B0G/.m2/repository/com/aventstack/extentreports/4.0.9/extentreports-4.0.9.jar!/com/aventstack/extentreports/view/v3html/test-view/v3-html-test-view.ftl"
2023-04-03 14:19:29 DEBUG cache:45 - Couldn't find template in cache for "v3html/test-view/v3-html-test-view-charts.ftl"("en", UTF-8, parsed); will try to load it.
2023-04-03 14:19:29 DEBUG cache:45 - TemplateLoader.findTemplateSource("v3html/test-view/v3-html-test-view-charts_en.ftl"): Not found
2023-04-03 14:19:29 DEBUG cache:45 - TemplateLoader.findTemplateSource("v3html/test-view/v3-html-test-view-charts.ftl"): Found
2023-04-03 14:19:29 DEBUG cache:45 - Loading template for "v3html/test-view/v3-html-test-view-charts.ftl"("en", UTF-8, parsed) from "jar:file:/C:/Users/$G22000-HBGC7AJ48B0G/.m2/repository/com/aventstack/extentreports/4.0.9/extentreports-4.0.9.jar!/com/aventstack/extentreports/view/v3html/test-view/v3-html-test-view-charts.ftl"
2023-04-03 14:19:29 DEBUG cache:45 - Couldn't find template in cache for "v3html/test-view/v3-html-standard.ftl"("en", UTF-8, parsed); will try to load it.
2023-04-03 14:19:29 DEBUG cache:45 - TemplateLoader.findTemplateSource("v3html/test-view/v3-html-standard_en.ftl"): Not found
2023-04-03 14:19:29 DEBUG cache:45 - TemplateLoader.findTemplateSource("v3html/test-view/v3-html-standard.ftl"): Found
2023-04-03 14:19:29 DEBUG cache:45 - Loading template for "v3html/test-view/v3-html-standard.ftl"("en", UTF-8, parsed) from "jar:file:/C:/Users/$G22000-HBGC7AJ48B0G/.m2/repository/com/aventstack/extentreports/4.0.9/extentreports-4.0.9.jar!/com/aventstack/extentreports/view/v3html/test-view/v3-html-standard.ftl"
2023-04-03 14:19:29 DEBUG cache:45 - "v3html/test-view/v3-html-standard.ftl"("en", UTF-8, parsed) cached copy not yet stale; using cached.
2023-04-03 14:19:29 DEBUG cache:45 - "v3html/test-view/v3-html-standard.ftl"("en", UTF-8, parsed) cached copy not yet stale; using cached.
2023-04-03 14:19:29 DEBUG cache:45 - Couldn't find template in cache for "v3html/category-view/v3-html-category-view.ftl"("en", UTF-8, parsed); will try to load it.
2023-04-03 14:19:29 DEBUG cache:45 - TemplateLoader.findTemplateSource("v3html/category-view/v3-html-category-view_en.ftl"): Not found
2023-04-03 14:19:29 DEBUG cache:45 - TemplateLoader.findTemplateSource("v3html/category-view/v3-html-category-view.ftl"): Found
2023-04-03 14:19:29 DEBUG cache:45 - Loading template for "v3html/category-view/v3-html-category-view.ftl"("en", UTF-8, parsed) from "jar:file:/C:/Users/$G22000-HBGC7AJ48B0G/.m2/repository/com/aventstack/extentreports/4.0.9/extentreports-4.0.9.jar!/com/aventstack/extentreports/view/v3html/category-view/v3-html-category-view.ftl"
2023-04-03 14:19:29 DEBUG cache:45 - Couldn't find template in cache for "v3html/exception-view/v3-html-exception-view.ftl"("en", UTF-8, parsed); will try to load it.
2023-04-03 14:19:29 DEBUG cache:45 - TemplateLoader.findTemplateSource("v3html/exception-view/v3-html-exception-view_en.ftl"): Not found
2023-04-03 14:19:29 DEBUG cache:45 - TemplateLoader.findTemplateSource("v3html/exception-view/v3-html-exception-view.ftl"): Found
2023-04-03 14:19:29 DEBUG cache:45 - Loading template for "v3html/exception-view/v3-html-exception-view.ftl"("en", UTF-8, parsed) from "jar:file:/C:/Users/$G22000-HBGC7AJ48B0G/.m2/repository/com/aventstack/extentreports/4.0.9/extentreports-4.0.9.jar!/com/aventstack/extentreports/view/v3html/exception-view/v3-html-exception-view.ftl"
2023-04-03 14:19:29 DEBUG cache:45 - Couldn't find template in cache for "v3html/author-view/v3-html-author-view.ftl"("en", UTF-8, parsed); will try to load it.
2023-04-03 14:19:29 DEBUG cache:45 - TemplateLoader.findTemplateSource("v3html/author-view/v3-html-author-view_en.ftl"): Not found
2023-04-03 14:19:29 DEBUG cache:45 - TemplateLoader.findTemplateSource("v3html/author-view/v3-html-author-view.ftl"): Found
2023-04-03 14:19:29 DEBUG cache:45 - Loading template for "v3html/author-view/v3-html-author-view.ftl"("en", UTF-8, parsed) from "jar:file:/C:/Users/$G22000-HBGC7AJ48B0G/.m2/repository/com/aventstack/extentreports/4.0.9/extentreports-4.0.9.jar!/com/aventstack/extentreports/view/v3html/author-view/v3-html-author-view.ftl"
2023-04-03 14:19:29 DEBUG cache:45 - Couldn't find template in cache for "v3html/dashboard-view/v3-html-dashboard-view.ftl"("en", UTF-8, parsed); will try to load it.
2023-04-03 14:19:29 DEBUG cache:45 - TemplateLoader.findTemplateSource("v3html/dashboard-view/v3-html-dashboard-view_en.ftl"): Not found
2023-04-03 14:19:29 DEBUG cache:45 - TemplateLoader.findTemplateSource("v3html/dashboard-view/v3-html-dashboard-view.ftl"): Found
2023-04-03 14:19:29 DEBUG cache:45 - Loading template for "v3html/dashboard-view/v3-html-dashboard-view.ftl"("en", UTF-8, parsed) from "jar:file:/C:/Users/$G22000-HBGC7AJ48B0G/.m2/repository/com/aventstack/extentreports/4.0.9/extentreports-4.0.9.jar!/com/aventstack/extentreports/view/v3html/dashboard-view/v3-html-dashboard-view.ftl"
2023-04-03 14:19:29 DEBUG cache:45 - Couldn't find template in cache for "v3html/logs-view/v3-html-testrunner-logs-view.ftl"("en", UTF-8, parsed); will try to load it.
2023-04-03 14:19:29 DEBUG cache:45 - TemplateLoader.findTemplateSource("v3html/logs-view/v3-html-testrunner-logs-view_en.ftl"): Not found
2023-04-03 14:19:29 DEBUG cache:45 - TemplateLoader.findTemplateSource("v3html/logs-view/v3-html-testrunner-logs-view.ftl"): Found
2023-04-03 14:19:29 DEBUG cache:45 - Loading template for "v3html/logs-view/v3-html-testrunner-logs-view.ftl"("en", UTF-8, parsed) from "jar:file:/C:/Users/$G22000-HBGC7AJ48B0G/.m2/repository/com/aventstack/extentreports/4.0.9/extentreports-4.0.9.jar!/com/aventstack/extentreports/view/v3html/logs-view/v3-html-testrunner-logs-view.ftl"
2023-04-03 14:23:06 INFO  Log:11 - =============backTc02 TEST START================
2023-04-03 14:23:06 INFO  Log:22 - Enter Email
2023-04-03 14:23:06 INFO  Log:22 - Click on next button
2023-04-03 14:23:06 INFO  Log:22 - Navigated to password page
2023-04-03 14:23:09 INFO  Log:22 - Click on back button
2023-04-03 14:23:10 INFO  Log:22 - successfully navigated back to email page
2023-04-03 14:23:10 INFO  Log:15 - ==============backTc02 TEST END==================
2023-04-03 14:23:12 INFO  Log:11 - =============empProductivityTc03 TEST START================
2023-04-03 14:23:12 INFO  Log:22 - enter email and password
2023-04-03 14:23:12 INFO  Log:22 - Enter email
2023-04-03 14:23:16 INFO  Log:22 - click on next button
2023-04-03 14:23:16 INFO  Log:22 - Enter password
2023-04-03 14:23:16 INFO  Log:22 - Click on login button
2023-04-03 14:23:19 INFO  Log:11 - =============loginTc01 TEST START================
2023-04-03 14:23:19 INFO  Log:22 - enter email and password
2023-04-03 14:23:19 INFO  Log:22 - Enter email
2023-04-03 14:23:22 INFO  Log:22 - click on next button
2023-04-03 14:23:22 INFO  Log:22 - Enter password
2023-04-03 14:23:22 INFO  Log:22 - Click on login button
2023-04-03 14:25:13 INFO  Log:11 - =============backTc02 TEST START================
2023-04-03 14:25:13 INFO  Log:22 - Enter Email
2023-04-03 14:25:13 INFO  Log:22 - Click on next button
2023-04-03 14:25:13 INFO  Log:22 - Navigated to password page
2023-04-03 14:25:16 INFO  Log:22 - Click on back button
2023-04-03 14:25:17 INFO  Log:22 - successfully navigated back to email page
2023-04-03 14:25:17 INFO  Log:15 - ==============backTc02 TEST END==================
2023-04-03 14:25:20 INFO  Log:11 - =============empProductivityTc03 TEST START================
2023-04-03 14:25:20 INFO  Log:22 - enter email and password
2023-04-03 14:25:20 INFO  Log:22 - Enter email
2023-04-03 14:25:23 INFO  Log:22 - click on next button
2023-04-03 14:25:23 INFO  Log:22 - Enter password
2023-04-03 14:25:23 INFO  Log:22 - Click on login button
2023-04-03 14:25:26 INFO  Log:11 - =============loginTc01 TEST START================
2023-04-03 14:25:26 INFO  Log:22 - enter email and password
2023-04-03 14:25:26 INFO  Log:22 - Enter email
2023-04-03 14:25:30 INFO  Log:22 - click on next button
2023-04-03 14:25:30 INFO  Log:22 - Enter password
2023-04-03 14:25:30 INFO  Log:22 - Click on login button
2023-04-03 14:25:30 DEBUG cache:45 - Couldn't find template in cache for "v3html/v3-html-index.ftl"("en", UTF-8, parsed); will try to load it.
2023-04-03 14:25:30 DEBUG cache:45 - TemplateLoader.findTemplateSource("v3html/v3-html-index_en.ftl"): Not found
2023-04-03 14:25:30 DEBUG cache:45 - TemplateLoader.findTemplateSource("v3html/v3-html-index.ftl"): Found
2023-04-03 14:25:30 DEBUG cache:45 - Loading template for "v3html/v3-html-index.ftl"("en", UTF-8, parsed) from "jar:file:/C:/Users/$G22000-HBGC7AJ48B0G/.m2/repository/com/aventstack/extentreports/4.0.9/extentreports-4.0.9.jar!/com/aventstack/extentreports/view/v3html/v3-html-index.ftl"
2023-04-03 14:25:30 DEBUG cache:45 - Couldn't find template in cache for "v3html/v3-html-head.ftl"("en", UTF-8, parsed); will try to load it.
2023-04-03 14:25:30 DEBUG cache:45 - TemplateLoader.findTemplateSource("v3html/v3-html-head_en.ftl"): Not found
2023-04-03 14:25:30 DEBUG cache:45 - TemplateLoader.findTemplateSource("v3html/v3-html-head.ftl"): Found
2023-04-03 14:25:30 DEBUG cache:45 - Loading template for "v3html/v3-html-head.ftl"("en", UTF-8, parsed) from "jar:file:/C:/Users/$G22000-HBGC7AJ48B0G/.m2/repository/com/aventstack/extentreports/4.0.9/extentreports-4.0.9.jar!/com/aventstack/extentreports/view/v3html/v3-html-head.ftl"
2023-04-03 14:25:30 DEBUG cache:45 - Couldn't find template in cache for "v3html/v3-html-nav.ftl"("en", UTF-8, parsed); will try to load it.
2023-04-03 14:25:30 DEBUG cache:45 - TemplateLoader.findTemplateSource("v3html/v3-html-nav_en.ftl"): Not found
2023-04-03 14:25:30 DEBUG cache:45 - TemplateLoader.findTemplateSource("v3html/v3-html-nav.ftl"): Found
2023-04-03 14:25:30 DEBUG cache:45 - Loading template for "v3html/v3-html-nav.ftl"("en", UTF-8, parsed) from "jar:file:/C:/Users/$G22000-HBGC7AJ48B0G/.m2/repository/com/aventstack/extentreports/4.0.9/extentreports-4.0.9.jar!/com/aventstack/extentreports/view/v3html/v3-html-nav.ftl"
2023-04-03 14:25:30 DEBUG cache:45 - Couldn't find template in cache for "v3html/test-view/v3-html-test-view.ftl"("en", UTF-8, parsed); will try to load it.
2023-04-03 14:25:30 DEBUG cache:45 - TemplateLoader.findTemplateSource("v3html/test-view/v3-html-test-view_en.ftl"): Not found
2023-04-03 14:25:30 DEBUG cache:45 - TemplateLoader.findTemplateSource("v3html/test-view/v3-html-test-view.ftl"): Found
2023-04-03 14:25:30 DEBUG cache:45 - Loading template for "v3html/test-view/v3-html-test-view.ftl"("en", UTF-8, parsed) from "jar:file:/C:/Users/$G22000-HBGC7AJ48B0G/.m2/repository/com/aventstack/extentreports/4.0.9/extentreports-4.0.9.jar!/com/aventstack/extentreports/view/v3html/test-view/v3-html-test-view.ftl"
2023-04-03 14:25:30 DEBUG cache:45 - Couldn't find template in cache for "v3html/test-view/v3-html-test-view-charts.ftl"("en", UTF-8, parsed); will try to load it.
2023-04-03 14:25:30 DEBUG cache:45 - TemplateLoader.findTemplateSource("v3html/test-view/v3-html-test-view-charts_en.ftl"): Not found
2023-04-03 14:25:30 DEBUG cache:45 - TemplateLoader.findTemplateSource("v3html/test-view/v3-html-test-view-charts.ftl"): Found
2023-04-03 14:25:30 DEBUG cache:45 - Loading template for "v3html/test-view/v3-html-test-view-charts.ftl"("en", UTF-8, parsed) from "jar:file:/C:/Users/$G22000-HBGC7AJ48B0G/.m2/repository/com/aventstack/extentreports/4.0.9/extentreports-4.0.9.jar!/com/aventstack/extentreports/view/v3html/test-view/v3-html-test-view-charts.ftl"
2023-04-03 14:25:31 DEBUG cache:45 - Couldn't find template in cache for "v3html/test-view/v3-html-standard.ftl"("en", UTF-8, parsed); will try to load it.
2023-04-03 14:25:31 DEBUG cache:45 - TemplateLoader.findTemplateSource("v3html/test-view/v3-html-standard_en.ftl"): Not found
2023-04-03 14:25:31 DEBUG cache:45 - TemplateLoader.findTemplateSource("v3html/test-view/v3-html-standard.ftl"): Found
2023-04-03 14:25:31 DEBUG cache:45 - Loading template for "v3html/test-view/v3-html-standard.ftl"("en", UTF-8, parsed) from "jar:file:/C:/Users/$G22000-HBGC7AJ48B0G/.m2/repository/com/aventstack/extentreports/4.0.9/extentreports-4.0.9.jar!/com/aventstack/extentreports/view/v3html/test-view/v3-html-standard.ftl"
2023-04-03 14:25:31 DEBUG cache:45 - "v3html/test-view/v3-html-standard.ftl"("en", UTF-8, parsed) cached copy not yet stale; using cached.
2023-04-03 14:25:31 DEBUG cache:45 - "v3html/test-view/v3-html-standard.ftl"("en", UTF-8, parsed) cached copy not yet stale; using cached.
2023-04-03 14:25:31 DEBUG cache:45 - Couldn't find template in cache for "v3html/category-view/v3-html-category-view.ftl"("en", UTF-8, parsed); will try to load it.
2023-04-03 14:25:31 DEBUG cache:45 - TemplateLoader.findTemplateSource("v3html/category-view/v3-html-category-view_en.ftl"): Not found
2023-04-03 14:25:31 DEBUG cache:45 - TemplateLoader.findTemplateSource("v3html/category-view/v3-html-category-view.ftl"): Found
2023-04-03 14:25:31 DEBUG cache:45 - Loading template for "v3html/category-view/v3-html-category-view.ftl"("en", UTF-8, parsed) from "jar:file:/C:/Users/$G22000-HBGC7AJ48B0G/.m2/repository/com/aventstack/extentreports/4.0.9/extentreports-4.0.9.jar!/com/aventstack/extentreports/view/v3html/category-view/v3-html-category-view.ftl"
2023-04-03 14:25:31 DEBUG cache:45 - Couldn't find template in cache for "v3html/exception-view/v3-html-exception-view.ftl"("en", UTF-8, parsed); will try to load it.
2023-04-03 14:25:31 DEBUG cache:45 - TemplateLoader.findTemplateSource("v3html/exception-view/v3-html-exception-view_en.ftl"): Not found
2023-04-03 14:25:31 DEBUG cache:45 - TemplateLoader.findTemplateSource("v3html/exception-view/v3-html-exception-view.ftl"): Found
2023-04-03 14:25:31 DEBUG cache:45 - Loading template for "v3html/exception-view/v3-html-exception-view.ftl"("en", UTF-8, parsed) from "jar:file:/C:/Users/$G22000-HBGC7AJ48B0G/.m2/repository/com/aventstack/extentreports/4.0.9/extentreports-4.0.9.jar!/com/aventstack/extentreports/view/v3html/exception-view/v3-html-exception-view.ftl"
2023-04-03 14:25:31 DEBUG cache:45 - Couldn't find template in cache for "v3html/author-view/v3-html-author-view.ftl"("en", UTF-8, parsed); will try to load it.
2023-04-03 14:25:31 DEBUG cache:45 - TemplateLoader.findTemplateSource("v3html/author-view/v3-html-author-view_en.ftl"): Not found
2023-04-03 14:25:31 DEBUG cache:45 - TemplateLoader.findTemplateSource("v3html/author-view/v3-html-author-view.ftl"): Found
2023-04-03 14:25:31 DEBUG cache:45 - Loading template for "v3html/author-view/v3-html-author-view.ftl"("en", UTF-8, parsed) from "jar:file:/C:/Users/$G22000-HBGC7AJ48B0G/.m2/repository/com/aventstack/extentreports/4.0.9/extentreports-4.0.9.jar!/com/aventstack/extentreports/view/v3html/author-view/v3-html-author-view.ftl"
2023-04-03 14:25:31 DEBUG cache:45 - Couldn't find template in cache for "v3html/dashboard-view/v3-html-dashboard-view.ftl"("en", UTF-8, parsed); will try to load it.
2023-04-03 14:25:31 DEBUG cache:45 - TemplateLoader.findTemplateSource("v3html/dashboard-view/v3-html-dashboard-view_en.ftl"): Not found
2023-04-03 14:25:31 DEBUG cache:45 - TemplateLoader.findTemplateSource("v3html/dashboard-view/v3-html-dashboard-view.ftl"): Found
2023-04-03 14:25:31 DEBUG cache:45 - Loading template for "v3html/dashboard-view/v3-html-dashboard-view.ftl"("en", UTF-8, parsed) from "jar:file:/C:/Users/$G22000-HBGC7AJ48B0G/.m2/repository/com/aventstack/extentreports/4.0.9/extentreports-4.0.9.jar!/com/aventstack/extentreports/view/v3html/dashboard-view/v3-html-dashboard-view.ftl"
2023-04-03 14:25:31 DEBUG cache:45 - Couldn't find template in cache for "v3html/logs-view/v3-html-testrunner-logs-view.ftl"("en", UTF-8, parsed); will try to load it.
2023-04-03 14:25:31 DEBUG cache:45 - TemplateLoader.findTemplateSource("v3html/logs-view/v3-html-testrunner-logs-view_en.ftl"): Not found
2023-04-03 14:25:31 DEBUG cache:45 - TemplateLoader.findTemplateSource("v3html/logs-view/v3-html-testrunner-logs-view.ftl"): Found
2023-04-03 14:25:31 DEBUG cache:45 - Loading template for "v3html/logs-view/v3-html-testrunner-logs-view.ftl"("en", UTF-8, parsed) from "jar:file:/C:/Users/$G22000-HBGC7AJ48B0G/.m2/repository/com/aventstack/extentreports/4.0.9/extentreports-4.0.9.jar!/com/aventstack/extentreports/view/v3html/logs-view/v3-html-testrunner-logs-view.ftl"
2023-04-04 04:20:42 INFO  Log:11 - =============backTc02 TEST START================
2023-04-04 04:20:42 INFO  Log:22 - Enter Email
2023-04-04 04:20:42 INFO  Log:22 - Click on next button
2023-04-04 04:20:42 INFO  Log:22 - Navigated to password page
2023-04-04 04:20:45 INFO  Log:22 - Click on back button
2023-04-04 04:20:45 INFO  Log:22 - successfully navigated back to email page
2023-04-04 04:20:45 INFO  Log:15 - ==============backTc02 TEST END==================
2023-04-04 04:20:48 INFO  Log:11 - =============empProductivityTc03 TEST START================
2023-04-04 04:20:48 INFO  Log:22 - enter email and password
2023-04-04 04:20:48 INFO  Log:22 - Enter email
2023-04-04 04:20:52 INFO  Log:22 - click on next button
2023-04-04 04:20:52 INFO  Log:22 - Enter password
2023-04-04 04:20:52 INFO  Log:22 - Click on login button
2023-04-04 04:20:52 INFO  Log:22 - login successfull
2023-04-04 04:21:48 INFO  Log:11 - =============backTc02 TEST START================
2023-04-04 04:21:48 INFO  Log:22 - Enter Email
2023-04-04 04:21:48 INFO  Log:22 - Click on next button
2023-04-04 04:21:48 INFO  Log:22 - Navigated to password page
2023-04-04 04:21:51 INFO  Log:22 - Click on back button
2023-04-04 04:21:51 INFO  Log:22 - successfully navigated back to email page
2023-04-04 04:21:51 INFO  Log:15 - ==============backTc02 TEST END==================
2023-04-04 04:21:55 INFO  Log:11 - =============empProductivityTc03 TEST START================
2023-04-04 04:21:55 INFO  Log:22 - enter email and password
2023-04-04 04:21:55 INFO  Log:22 - Enter email
2023-04-04 04:21:58 INFO  Log:22 - click on next button
2023-04-04 04:21:58 INFO  Log:22 - Enter password
2023-04-04 04:21:58 INFO  Log:22 - Click on login button
2023-04-04 04:21:58 INFO  Log:22 - login successfull
2023-04-04 05:53:11 INFO  Log:11 - =============loginTc01 TEST START================
2023-04-04 05:53:11 INFO  Log:22 - enter email and password
2023-04-04 05:53:11 INFO  Log:22 - Enter email
2023-04-04 05:53:14 INFO  Log:22 - click on next button
2023-04-04 05:53:15 INFO  Log:22 - Enter password
2023-04-04 05:53:15 INFO  Log:22 - Click on login button
2023-04-04 05:53:15 INFO  Log:22 - login successfull
2023-04-04 05:53:19 INFO  Log:11 - =============backTc02 TEST START================
2023-04-04 05:53:19 INFO  Log:22 - Enter Email
2023-04-04 05:53:19 INFO  Log:22 - Click on next button
2023-04-04 05:53:19 INFO  Log:22 - Navigated to password page
2023-04-04 05:53:22 INFO  Log:22 - Click on back button
2023-04-04 05:53:22 INFO  Log:22 - successfully navigated back to email page
2023-04-04 05:53:22 INFO  Log:15 - ==============backTc02 TEST END==================
2023-04-04 05:53:25 INFO  Log:11 - =============empProductivityTc03 TEST START================
2023-04-04 05:53:25 INFO  Log:22 - enter email and password
2023-04-04 05:53:25 INFO  Log:22 - Enter email
2023-04-04 05:53:28 INFO  Log:22 - click on next button
2023-04-04 05:53:29 INFO  Log:22 - Enter password
2023-04-04 05:53:29 INFO  Log:22 - Click on login button
2023-04-04 05:53:29 INFO  Log:22 - login successfull
2023-04-04 05:55:53 INFO  Log:15 - ==============empProductivityTc03 TEST END==================
2023-04-04 05:55:56 INFO  Log:11 - =============loginTc01 TEST START================
2023-04-04 05:55:56 INFO  Log:22 - enter email and password
2023-04-04 05:55:56 INFO  Log:22 - Enter email
2023-04-04 05:56:00 INFO  Log:22 - click on next button
2023-04-04 05:56:00 INFO  Log:22 - Enter password
2023-04-04 05:56:00 INFO  Log:22 - Click on login button
2023-04-04 05:56:00 INFO  Log:22 - login successfull
2023-04-04 05:56:00 INFO  Log:15 - ==============loginTc01 TEST END==================
2023-04-04 07:11:46 INFO  Log:11 - =============loginTc01 TEST START================
2023-04-04 07:11:47 INFO  Log:22 - enter email and password
2023-04-04 07:11:47 INFO  Log:22 - Enter email
2023-04-04 07:11:50 INFO  Log:22 - click on next button
2023-04-04 07:11:50 INFO  Log:22 - Enter password
2023-04-04 07:11:50 INFO  Log:22 - Click on login button
2023-04-04 07:11:50 INFO  Log:22 - login successfull
2023-04-04 07:11:54 INFO  Log:11 - =============loginTc01 TEST START================
2023-04-04 07:11:54 INFO  Log:22 - enter email and password
2023-04-04 07:11:54 INFO  Log:22 - Enter email
2023-04-04 07:11:57 INFO  Log:22 - click on next button
2023-04-04 07:11:58 INFO  Log:22 - Enter password
2023-04-04 07:11:58 INFO  Log:22 - Click on login button
2023-04-04 07:11:58 INFO  Log:22 - login successfull
2023-04-04 07:12:02 INFO  Log:11 - =============backTc02 TEST START================
2023-04-04 07:12:02 INFO  Log:22 - Enter Email
2023-04-04 07:12:02 INFO  Log:22 - Click on next button
2023-04-04 07:12:02 INFO  Log:22 - Navigated to password page
2023-04-04 07:12:05 INFO  Log:22 - Click on back button
2023-04-04 07:12:05 INFO  Log:22 - successfully navigated back to email page
2023-04-04 07:12:05 INFO  Log:15 - ==============backTc02 TEST END==================
2023-04-04 07:12:08 INFO  Log:11 - =============empProductivityTc03 TEST START================
2023-04-04 07:12:08 INFO  Log:22 - enter email and password
2023-04-04 07:12:08 INFO  Log:22 - Enter email
2023-04-04 07:12:11 INFO  Log:22 - click on next button
2023-04-04 07:12:11 INFO  Log:22 - Enter password
2023-04-04 07:12:12 INFO  Log:22 - Click on login button
2023-04-04 07:12:12 INFO  Log:22 - login successfull
2023-04-04 07:14:37 INFO  Log:15 - ==============empProductivityTc03 TEST END==================
2023-04-04 07:14:40 INFO  Log:11 - =============loginTc01 TEST START================
2023-04-04 07:14:40 INFO  Log:22 - enter email and password
2023-04-04 07:14:40 INFO  Log:22 - Enter email
2023-04-04 07:14:43 INFO  Log:22 - click on next button
2023-04-04 07:14:44 INFO  Log:22 - Enter password
2023-04-04 07:14:44 INFO  Log:22 - Click on login button
2023-04-04 07:14:44 INFO  Log:22 - login successfull
2023-04-04 07:14:44 INFO  Log:15 - ==============loginTc01 TEST END==================
2023-04-04 07:17:22 INFO  Log:11 - =============loginTc01 TEST START================
2023-04-04 07:17:22 INFO  Log:22 - enter email and password
2023-04-04 07:17:22 INFO  Log:22 - Enter email
2023-04-04 07:17:25 INFO  Log:22 - click on next button
2023-04-04 07:17:25 INFO  Log:22 - Enter password
2023-04-04 07:17:26 INFO  Log:22 - Click on login button
2023-04-04 07:17:26 INFO  Log:22 - login successfull
2023-04-04 07:37:01 INFO  Log:11 - =============loginTc01 TEST START================
2023-04-04 07:37:01 INFO  Log:22 - enter email and password
2023-04-04 07:37:01 INFO  Log:22 - Enter email
2023-04-04 07:37:04 INFO  Log:22 - click on next button
2023-04-04 07:37:04 INFO  Log:22 - Enter password
2023-04-04 07:37:05 INFO  Log:22 - Click on login button
2023-04-04 07:37:05 INFO  Log:22 - login successfull
2023-04-05 06:29:09 INFO  Log:11 - =============loginTc01 TEST START================
2023-04-05 06:29:09 INFO  Log:22 - enter email and password
2023-04-05 06:29:09 INFO  Log:22 - Enter email
2023-04-05 06:29:12 INFO  Log:22 - click on next button
2023-04-05 06:29:12 INFO  Log:22 - Enter password
2023-04-05 06:29:12 INFO  Log:22 - Click on login button
2023-04-05 06:29:12 INFO  Log:22 - login successfull
2023-04-05 09:33:26 INFO  Log:11 - =============loginTc01 TEST START================
2023-04-05 09:33:26 INFO  Log:22 - enter email and password
2023-04-05 09:33:26 INFO  Log:22 - Enter email
2023-04-05 09:33:29 INFO  Log:22 - click on next button
2023-04-05 09:33:29 INFO  Log:22 - Enter password
2023-04-05 09:33:29 INFO  Log:22 - Click on login button
2023-04-05 09:33:29 INFO  Log:22 - login successfull
2023-04-06 04:38:27 INFO  Log:11 - =============loginTc01 TEST START================
2023-04-06 04:38:27 INFO  Log:22 - enter email and password
2023-04-06 04:38:27 INFO  Log:22 - Enter email
2023-04-06 04:38:30 INFO  Log:22 - click on next button
2023-04-06 04:38:30 INFO  Log:22 - Enter password
2023-04-06 04:38:30 INFO  Log:22 - Click on login button
2023-04-06 04:38:30 INFO  Log:22 - login successfull
2023-04-06 04:39:30 INFO  Log:11 - =============loginTc01 TEST START================
2023-04-06 04:39:30 INFO  Log:22 - enter email and password
2023-04-06 04:39:30 INFO  Log:22 - Enter email
2023-04-06 04:39:33 INFO  Log:22 - click on next button
2023-04-06 04:39:33 INFO  Log:22 - Enter password
2023-04-06 04:39:34 INFO  Log:22 - Click on login button
2023-04-06 04:39:34 INFO  Log:22 - login successfull
2023-04-06 04:39:40 INFO  Log:11 - =============empProductivityTc03 TEST START================
2023-04-06 04:39:40 INFO  Log:22 - enter email and password
2023-04-06 04:39:40 INFO  Log:22 - Enter email
2023-04-06 04:39:43 INFO  Log:22 - click on next button
2023-04-06 04:39:43 INFO  Log:22 - Enter password
2023-04-06 04:39:43 INFO  Log:22 - Click on login button
2023-04-06 04:39:43 INFO  Log:22 - login successfull
2023-04-09 07:29:46 INFO  Log:11 - =============loginTc01 TEST START================
2023-04-09 07:29:46 INFO  Log:22 - enter email and password
2023-04-09 07:29:46 INFO  Log:22 - Enter email
2023-04-09 07:29:49 INFO  Log:22 - click on next button
2023-04-09 07:29:50 INFO  Log:22 - Enter password
2023-04-09 07:29:50 INFO  Log:22 - Click on login button
2023-04-09 07:29:50 INFO  Log:22 - login successfull
2023-04-09 07:29:56 INFO  Log:11 - =============empProductivityTc03 TEST START================
2023-04-09 07:29:56 INFO  Log:22 - enter email and password
2023-04-09 07:29:56 INFO  Log:22 - Enter email
2023-04-09 07:29:59 INFO  Log:22 - click on next button
2023-04-09 07:29:59 INFO  Log:22 - Enter password
2023-04-09 07:29:59 INFO  Log:22 - Click on login button
2023-04-09 07:29:59 INFO  Log:22 - login successfull
2023-04-09 07:30:54 INFO  Log:11 - =============loginTc01 TEST START================
2023-04-09 07:30:54 INFO  Log:22 - enter email and password
2023-04-09 07:30:54 INFO  Log:22 - Enter email
2023-04-09 07:30:57 INFO  Log:22 - click on next button
2023-04-09 07:30:57 INFO  Log:22 - Enter password
2023-04-09 07:30:57 INFO  Log:22 - Click on login button
2023-04-09 07:30:57 INFO  Log:22 - login successfull
2023-04-09 07:31:04 INFO  Log:11 - =============empProductivityTc03 TEST START================
2023-04-09 07:31:04 INFO  Log:22 - enter email and password
2023-04-09 07:31:04 INFO  Log:22 - Enter email
2023-04-09 07:31:07 INFO  Log:22 - click on next button
2023-04-09 07:31:07 INFO  Log:22 - Enter password
2023-04-09 07:31:08 INFO  Log:22 - Click on login button
2023-04-09 07:31:08 INFO  Log:22 - login successfull
2023-04-10 13:01:35 INFO  Log:11 - =============loginTc01 TEST START================
2023-04-10 13:01:35 INFO  Log:22 - enter email and password
2023-04-10 13:01:35 INFO  Log:22 - Enter email
2023-04-10 13:01:38 INFO  Log:22 - click on next button
2023-04-10 13:01:38 INFO  Log:22 - Enter password
2023-04-10 13:01:39 INFO  Log:22 - Click on login button
2023-04-10 13:01:39 INFO  Log:22 - login successfull
2023-04-10 13:01:43 INFO  Log:11 - =============empProductivityTc03 TEST START================
2023-04-10 13:01:43 INFO  Log:22 - enter email and password
2023-04-10 13:01:43 INFO  Log:22 - Enter email
2023-04-10 13:01:46 INFO  Log:22 - click on next button
2023-04-10 13:01:46 INFO  Log:22 - Enter password
2023-04-10 13:01:46 INFO  Log:22 - Click on login button
2023-04-10 13:01:46 INFO  Log:22 - login successfull
2023-04-10 13:02:41 INFO  Log:11 - =============loginTc01 TEST START================
2023-04-10 13:02:41 INFO  Log:22 - enter email and password
2023-04-10 13:02:41 INFO  Log:22 - Enter email
2023-04-10 13:02:44 INFO  Log:22 - click on next button
2023-04-10 13:02:44 INFO  Log:22 - Enter password
2023-04-10 13:02:44 INFO  Log:22 - Click on login button
2023-04-10 13:02:44 INFO  Log:22 - login successfull
2023-04-10 14:21:07 INFO  Log:11 - =============loginTc01 TEST START================
2023-04-10 14:21:07 INFO  Log:22 - enter email and password
2023-04-10 14:21:07 INFO  Log:22 - Enter email
2023-04-10 14:21:10 INFO  Log:22 - click on next button
2023-04-10 14:21:10 INFO  Log:22 - Enter password
2023-04-10 14:21:10 INFO  Log:22 - Click on login button
2023-04-10 14:21:10 INFO  Log:22 - login successfull
2023-04-10 14:30:34 INFO  Log:11 - =============loginTc01 TEST START================
2023-04-10 14:30:34 INFO  Log:22 - enter email and password
2023-04-10 14:30:34 INFO  Log:22 - Enter email
2023-04-10 14:30:38 INFO  Log:22 - click on next button
2023-04-10 14:30:38 INFO  Log:22 - Enter password
2023-04-10 14:30:38 INFO  Log:22 - Click on login button
2023-04-10 14:30:38 INFO  Log:22 - login successfull
2023-04-10 14:32:37 INFO  Log:11 - =============loginTc01 TEST START================
2023-04-10 14:32:37 INFO  Log:22 - enter email and password
2023-04-10 14:32:37 INFO  Log:22 - Enter email
2023-04-10 14:32:41 INFO  Log:22 - click on next button
2023-04-10 14:32:41 INFO  Log:22 - Enter password
2023-04-10 14:32:41 INFO  Log:22 - Click on login button
2023-04-10 14:32:41 INFO  Log:22 - login successfull
2023-04-10 14:38:47 INFO  Log:11 - =============loginTc01 TEST START================
2023-04-10 14:38:47 INFO  Log:22 - enter email and password
2023-04-10 14:38:47 INFO  Log:22 - Enter email
2023-04-10 14:38:50 INFO  Log:22 - click on next button
2023-04-10 14:38:50 INFO  Log:22 - Enter password
2023-04-10 14:38:50 INFO  Log:22 - Click on login button
2023-04-10 14:38:51 INFO  Log:22 - login successfull
2023-04-10 14:40:54 INFO  Log:11 - =============loginTc01 TEST START================
2023-04-10 14:40:54 INFO  Log:22 - enter email and password
2023-04-10 14:40:54 INFO  Log:22 - Enter email
2023-04-10 14:40:57 INFO  Log:22 - click on next button
2023-04-10 14:40:57 INFO  Log:22 - Enter password
2023-04-10 14:40:57 INFO  Log:22 - Click on login button
2023-04-10 14:40:57 INFO  Log:22 - login successfull
2023-04-10 14:45:17 INFO  Log:11 - =============loginTc01 TEST START================
2023-04-10 14:45:17 INFO  Log:22 - enter email and password
2023-04-10 14:45:17 INFO  Log:22 - Enter email
2023-04-10 14:45:21 INFO  Log:22 - click on next button
2023-04-10 14:45:21 INFO  Log:22 - Enter password
2023-04-10 14:45:21 INFO  Log:22 - Click on login button
2023-04-10 14:45:21 INFO  Log:22 - login successfull
2023-04-10 14:47:32 INFO  Log:11 - =============loginTc01 TEST START================
2023-04-10 14:47:32 INFO  Log:22 - enter email and password
2023-04-10 14:47:32 INFO  Log:22 - Enter email
2023-04-10 14:47:36 INFO  Log:22 - click on next button
2023-04-10 14:47:36 INFO  Log:22 - Enter password
2023-04-10 14:47:36 INFO  Log:22 - Click on login button
2023-04-10 14:47:36 INFO  Log:22 - login successfull
2023-04-10 14:49:03 INFO  Log:11 - =============loginTc01 TEST START================
2023-04-10 14:49:03 INFO  Log:22 - enter email and password
2023-04-10 14:49:03 INFO  Log:22 - Enter email
2023-04-10 14:49:06 INFO  Log:22 - click on next button
2023-04-10 14:49:06 INFO  Log:22 - Enter password
2023-04-10 14:49:06 INFO  Log:22 - Click on login button
2023-04-10 14:49:06 INFO  Log:22 - login successfull
2023-04-12 05:59:35 INFO  Log:11 - =============loginTc01 TEST START================
2023-04-12 05:59:35 INFO  Log:22 - enter email and password
2023-04-12 05:59:35 INFO  Log:22 - Enter email
2023-04-12 05:59:38 INFO  Log:22 - click on next button
2023-04-12 05:59:39 INFO  Log:22 - Enter password
2023-04-12 05:59:39 INFO  Log:22 - Click on login button
2023-04-12 05:59:40 INFO  Log:22 - login successfull
2023-04-12 05:59:40 INFO  Log:15 - ==============loginTc01 TEST END==================
2023-04-12 06:01:22 INFO  Log:11 - =============loginTc01 TEST START================
2023-04-12 06:01:22 INFO  Log:22 - enter email and password
2023-04-12 06:01:22 INFO  Log:22 - Enter email
2023-04-12 06:01:25 INFO  Log:22 - click on next button
2023-04-12 06:01:26 INFO  Log:22 - Enter password
2023-04-12 06:01:26 INFO  Log:22 - Click on login button
2023-04-12 06:01:27 INFO  Log:22 - login successfull
2023-04-12 06:01:27 INFO  Log:15 - ==============loginTc01 TEST END==================
2023-04-12 06:03:26 INFO  Log:11 - =============loginTc01 TEST START================
2023-04-12 06:03:26 INFO  Log:22 - enter email and password
2023-04-12 06:03:26 INFO  Log:22 - Enter email
2023-04-12 06:03:30 INFO  Log:22 - click on next button
2023-04-12 06:03:30 INFO  Log:22 - Enter password
2023-04-12 06:03:31 INFO  Log:22 - Click on login button
2023-04-12 06:03:33 INFO  Log:22 - login successfull
2023-04-12 06:03:33 INFO  Log:15 - ==============loginTc01 TEST END==================
2023-04-12 06:23:31 INFO  Log:11 - =============loginTc01 TEST START================
2023-04-12 06:23:31 INFO  Log:22 - enter email and password
2023-04-12 06:23:31 INFO  Log:22 - Enter email
2023-04-12 06:23:35 INFO  Log:22 - click on next button
2023-04-12 06:23:35 INFO  Log:22 - Enter password
2023-04-12 06:23:35 INFO  Log:22 - Click on login button
2023-04-12 06:23:37 INFO  Log:22 - login successfull
2023-04-12 06:23:37 INFO  Log:15 - ==============loginTc01 TEST END==================
2023-04-12 06:42:41 INFO  Log:11 - =============backTc02 TEST START================
2023-04-12 06:42:41 INFO  Log:22 - Enter Email
2023-04-12 06:42:41 INFO  Log:22 - Click on next button
2023-04-12 06:42:41 INFO  Log:22 - Navigated to password page
2023-04-12 06:42:44 INFO  Log:22 - Click on back button
2023-04-12 06:42:45 INFO  Log:22 - successfully navigated back to email page
2023-04-12 06:44:29 INFO  Log:11 - =============backTc02 TEST START================
2023-04-12 06:44:29 INFO  Log:22 - Enter Email
2023-04-12 06:44:29 INFO  Log:22 - Click on next button
2023-04-12 06:44:29 INFO  Log:22 - Navigated to password page
2023-04-12 06:44:32 INFO  Log:22 - Click on back button
2023-04-12 06:44:32 INFO  Log:22 - successfully navigated back to email page
2023-04-12 06:44:32 INFO  Log:22 - Successfully navigated back to email page
2023-04-12 06:44:32 INFO  Log:15 - ==============backTc02 TEST END==================
2023-04-12 07:08:01 INFO  Log:11 - =============DomainVerification TEST START================
2023-04-12 07:13:09 DEBUG cache:45 - Couldn't find template in cache for "v3html/v3-html-index.ftl"("en", UTF-8, parsed); will try to load it.
2023-04-12 07:13:09 DEBUG cache:45 - TemplateLoader.findTemplateSource("v3html/v3-html-index_en.ftl"): Not found
2023-04-12 07:13:09 DEBUG cache:45 - TemplateLoader.findTemplateSource("v3html/v3-html-index.ftl"): Found
2023-04-12 07:13:09 DEBUG cache:45 - Loading template for "v3html/v3-html-index.ftl"("en", UTF-8, parsed) from "jar:file:/C:/Users/$G22000-HBGC7AJ48B0G/.m2/repository/com/aventstack/extentreports/4.0.9/extentreports-4.0.9.jar!/com/aventstack/extentreports/view/v3html/v3-html-index.ftl"
2023-04-12 07:13:10 DEBUG cache:45 - Couldn't find template in cache for "v3html/v3-html-head.ftl"("en", UTF-8, parsed); will try to load it.
2023-04-12 07:13:10 DEBUG cache:45 - TemplateLoader.findTemplateSource("v3html/v3-html-head_en.ftl"): Not found
2023-04-12 07:13:10 DEBUG cache:45 - TemplateLoader.findTemplateSource("v3html/v3-html-head.ftl"): Found
2023-04-12 07:13:10 DEBUG cache:45 - Loading template for "v3html/v3-html-head.ftl"("en", UTF-8, parsed) from "jar:file:/C:/Users/$G22000-HBGC7AJ48B0G/.m2/repository/com/aventstack/extentreports/4.0.9/extentreports-4.0.9.jar!/com/aventstack/extentreports/view/v3html/v3-html-head.ftl"
2023-04-12 07:13:10 DEBUG cache:45 - Couldn't find template in cache for "v3html/v3-html-nav.ftl"("en", UTF-8, parsed); will try to load it.
2023-04-12 07:13:10 DEBUG cache:45 - TemplateLoader.findTemplateSource("v3html/v3-html-nav_en.ftl"): Not found
2023-04-12 07:13:10 DEBUG cache:45 - TemplateLoader.findTemplateSource("v3html/v3-html-nav.ftl"): Found
2023-04-12 07:13:10 DEBUG cache:45 - Loading template for "v3html/v3-html-nav.ftl"("en", UTF-8, parsed) from "jar:file:/C:/Users/$G22000-HBGC7AJ48B0G/.m2/repository/com/aventstack/extentreports/4.0.9/extentreports-4.0.9.jar!/com/aventstack/extentreports/view/v3html/v3-html-nav.ftl"
2023-04-12 07:13:10 DEBUG cache:45 - Couldn't find template in cache for "v3html/test-view/v3-html-test-view.ftl"("en", UTF-8, parsed); will try to load it.
2023-04-12 07:13:10 DEBUG cache:45 - TemplateLoader.findTemplateSource("v3html/test-view/v3-html-test-view_en.ftl"): Not found
2023-04-12 07:13:10 DEBUG cache:45 - TemplateLoader.findTemplateSource("v3html/test-view/v3-html-test-view.ftl"): Found
2023-04-12 07:13:10 DEBUG cache:45 - Loading template for "v3html/test-view/v3-html-test-view.ftl"("en", UTF-8, parsed) from "jar:file:/C:/Users/$G22000-HBGC7AJ48B0G/.m2/repository/com/aventstack/extentreports/4.0.9/extentreports-4.0.9.jar!/com/aventstack/extentreports/view/v3html/test-view/v3-html-test-view.ftl"
2023-04-12 07:13:10 DEBUG cache:45 - Couldn't find template in cache for "v3html/test-view/v3-html-test-view-charts.ftl"("en", UTF-8, parsed); will try to load it.
2023-04-12 07:13:10 DEBUG cache:45 - TemplateLoader.findTemplateSource("v3html/test-view/v3-html-test-view-charts_en.ftl"): Not found
2023-04-12 07:13:10 DEBUG cache:45 - TemplateLoader.findTemplateSource("v3html/test-view/v3-html-test-view-charts.ftl"): Found
2023-04-12 07:13:10 DEBUG cache:45 - Loading template for "v3html/test-view/v3-html-test-view-charts.ftl"("en", UTF-8, parsed) from "jar:file:/C:/Users/$G22000-HBGC7AJ48B0G/.m2/repository/com/aventstack/extentreports/4.0.9/extentreports-4.0.9.jar!/com/aventstack/extentreports/view/v3html/test-view/v3-html-test-view-charts.ftl"
2023-04-12 07:13:10 DEBUG cache:45 - Couldn't find template in cache for "v3html/test-view/v3-html-standard.ftl"("en", UTF-8, parsed); will try to load it.
2023-04-12 07:13:10 DEBUG cache:45 - TemplateLoader.findTemplateSource("v3html/test-view/v3-html-standard_en.ftl"): Not found
2023-04-12 07:13:10 DEBUG cache:45 - TemplateLoader.findTemplateSource("v3html/test-view/v3-html-standard.ftl"): Found
2023-04-12 07:13:10 DEBUG cache:45 - Loading template for "v3html/test-view/v3-html-standard.ftl"("en", UTF-8, parsed) from "jar:file:/C:/Users/$G22000-HBGC7AJ48B0G/.m2/repository/com/aventstack/extentreports/4.0.9/extentreports-4.0.9.jar!/com/aventstack/extentreports/view/v3html/test-view/v3-html-standard.ftl"
2023-04-12 07:13:10 DEBUG cache:45 - Couldn't find template in cache for "v3html/category-view/v3-html-category-view.ftl"("en", UTF-8, parsed); will try to load it.
2023-04-12 07:16:51 INFO  Log:11 - =============DomainVerification TEST START================
2023-04-12 07:16:54 DEBUG cache:45 - Couldn't find template in cache for "v3html/v3-html-index.ftl"("en", UTF-8, parsed); will try to load it.
2023-04-12 07:16:54 DEBUG cache:45 - TemplateLoader.findTemplateSource("v3html/v3-html-index_en.ftl"): Not found
2023-04-12 07:16:54 DEBUG cache:45 - TemplateLoader.findTemplateSource("v3html/v3-html-index.ftl"): Found
2023-04-12 07:16:54 DEBUG cache:45 - Loading template for "v3html/v3-html-index.ftl"("en", UTF-8, parsed) from "jar:file:/C:/Users/$G22000-HBGC7AJ48B0G/.m2/repository/com/aventstack/extentreports/4.0.9/extentreports-4.0.9.jar!/com/aventstack/extentreports/view/v3html/v3-html-index.ftl"
2023-04-12 07:16:55 DEBUG cache:45 - Couldn't find template in cache for "v3html/v3-html-head.ftl"("en", UTF-8, parsed); will try to load it.
2023-04-12 07:16:55 DEBUG cache:45 - TemplateLoader.findTemplateSource("v3html/v3-html-head_en.ftl"): Not found
2023-04-12 07:16:55 DEBUG cache:45 - TemplateLoader.findTemplateSource("v3html/v3-html-head.ftl"): Found
2023-04-12 07:16:55 DEBUG cache:45 - Loading template for "v3html/v3-html-head.ftl"("en", UTF-8, parsed) from "jar:file:/C:/Users/$G22000-HBGC7AJ48B0G/.m2/repository/com/aventstack/extentreports/4.0.9/extentreports-4.0.9.jar!/com/aventstack/extentreports/view/v3html/v3-html-head.ftl"
2023-04-12 07:16:55 DEBUG cache:45 - Couldn't find template in cache for "v3html/v3-html-nav.ftl"("en", UTF-8, parsed); will try to load it.
2023-04-12 07:16:55 DEBUG cache:45 - TemplateLoader.findTemplateSource("v3html/v3-html-nav_en.ftl"): Not found
2023-04-12 07:16:55 DEBUG cache:45 - TemplateLoader.findTemplateSource("v3html/v3-html-nav.ftl"): Found
2023-04-12 07:16:55 DEBUG cache:45 - Loading template for "v3html/v3-html-nav.ftl"("en", UTF-8, parsed) from "jar:file:/C:/Users/$G22000-HBGC7AJ48B0G/.m2/repository/com/aventstack/extentreports/4.0.9/extentreports-4.0.9.jar!/com/aventstack/extentreports/view/v3html/v3-html-nav.ftl"
2023-04-12 07:16:55 DEBUG cache:45 - Couldn't find template in cache for "v3html/test-view/v3-html-test-view.ftl"("en", UTF-8, parsed); will try to load it.
2023-04-12 07:16:55 DEBUG cache:45 - TemplateLoader.findTemplateSource("v3html/test-view/v3-html-test-view_en.ftl"): Not found
2023-04-12 07:16:56 DEBUG cache:45 - TemplateLoader.findTemplateSource("v3html/test-view/v3-html-test-view.ftl"): Found
2023-04-12 07:16:56 DEBUG cache:45 - Loading template for "v3html/test-view/v3-html-test-view.ftl"("en", UTF-8, parsed) from "jar:file:/C:/Users/$G22000-HBGC7AJ48B0G/.m2/repository/com/aventstack/extentreports/4.0.9/extentreports-4.0.9.jar!/com/aventstack/extentreports/view/v3html/test-view/v3-html-test-view.ftl"
2023-04-12 07:16:56 DEBUG cache:45 - Couldn't find template in cache for "v3html/test-view/v3-html-test-view-charts.ftl"("en", UTF-8, parsed); will try to load it.
2023-04-12 07:16:56 DEBUG cache:45 - TemplateLoader.findTemplateSource("v3html/test-view/v3-html-test-view-charts_en.ftl"): Not found
2023-04-12 07:16:56 DEBUG cache:45 - TemplateLoader.findTemplateSource("v3html/test-view/v3-html-test-view-charts.ftl"): Found
2023-04-12 07:16:56 DEBUG cache:45 - Loading template for "v3html/test-view/v3-html-test-view-charts.ftl"("en", UTF-8, parsed) from "jar:file:/C:/Users/$G22000-HBGC7AJ48B0G/.m2/repository/com/aventstack/extentreports/4.0.9/extentreports-4.0.9.jar!/com/aventstack/extentreports/view/v3html/test-view/v3-html-test-view-charts.ftl"
2023-04-12 07:16:56 DEBUG cache:45 - Couldn't find template in cache for "v3html/test-view/v3-html-standard.ftl"("en", UTF-8, parsed); will try to load it.
2023-04-12 07:16:56 DEBUG cache:45 - TemplateLoader.findTemplateSource("v3html/test-view/v3-html-standard_en.ftl"): Not found
2023-04-12 07:16:56 DEBUG cache:45 - TemplateLoader.findTemplateSource("v3html/test-view/v3-html-standard.ftl"): Found
2023-04-12 07:16:56 DEBUG cache:45 - Loading template for "v3html/test-view/v3-html-standard.ftl"("en", UTF-8, parsed) from "jar:file:/C:/Users/$G22000-HBGC7AJ48B0G/.m2/repository/com/aventstack/extentreports/4.0.9/extentreports-4.0.9.jar!/com/aventstack/extentreports/view/v3html/test-view/v3-html-standard.ftl"
2023-04-12 07:16:56 DEBUG cache:45 - Couldn't find template in cache for "v3html/category-view/v3-html-category-view.ftl"("en", UTF-8, parsed); will try to load it.
2023-04-12 07:16:56 DEBUG cache:45 - TemplateLoader.findTemplateSource("v3html/category-view/v3-html-category-view_en.ftl"): Not found
2023-04-12 07:16:56 DEBUG cache:45 - TemplateLoader.findTemplateSource("v3html/category-view/v3-html-category-view.ftl"): Found
2023-04-12 07:16:56 DEBUG cache:45 - Loading template for "v3html/category-view/v3-html-category-view.ftl"("en", UTF-8, parsed) from "jar:file:/C:/Users/$G22000-HBGC7AJ48B0G/.m2/repository/com/aventstack/extentreports/4.0.9/extentreports-4.0.9.jar!/com/aventstack/extentreports/view/v3html/category-view/v3-html-category-view.ftl"
2023-04-12 07:16:56 DEBUG cache:45 - Couldn't find template in cache for "v3html/exception-view/v3-html-exception-view.ftl"("en", UTF-8, parsed); will try to load it.
2023-04-12 07:16:56 DEBUG cache:45 - TemplateLoader.findTemplateSource("v3html/exception-view/v3-html-exception-view_en.ftl"): Not found
2023-04-12 07:16:56 DEBUG cache:45 - TemplateLoader.findTemplateSource("v3html/exception-view/v3-html-exception-view.ftl"): Found
2023-04-12 07:16:56 DEBUG cache:45 - Loading template for "v3html/exception-view/v3-html-exception-view.ftl"("en", UTF-8, parsed) from "jar:file:/C:/Users/$G22000-HBGC7AJ48B0G/.m2/repository/com/aventstack/extentreports/4.0.9/extentreports-4.0.9.jar!/com/aventstack/extentreports/view/v3html/exception-view/v3-html-exception-view.ftl"
2023-04-12 07:16:56 DEBUG cache:45 - Couldn't find template in cache for "v3html/author-view/v3-html-author-view.ftl"("en", UTF-8, parsed); will try to load it.
2023-04-12 07:16:56 DEBUG cache:45 - TemplateLoader.findTemplateSource("v3html/author-view/v3-html-author-view_en.ftl"): Not found
2023-04-12 07:16:56 DEBUG cache:45 - TemplateLoader.findTemplateSource("v3html/author-view/v3-html-author-view.ftl"): Found
2023-04-12 07:16:56 DEBUG cache:45 - Loading template for "v3html/author-view/v3-html-author-view.ftl"("en", UTF-8, parsed) from "jar:file:/C:/Users/$G22000-HBGC7AJ48B0G/.m2/repository/com/aventstack/extentreports/4.0.9/extentreports-4.0.9.jar!/com/aventstack/extentreports/view/v3html/author-view/v3-html-author-view.ftl"
2023-04-12 07:16:56 DEBUG cache:45 - Couldn't find template in cache for "v3html/dashboard-view/v3-html-dashboard-view.ftl"("en", UTF-8, parsed); will try to load it.
2023-04-12 07:16:56 DEBUG cache:45 - TemplateLoader.findTemplateSource("v3html/dashboard-view/v3-html-dashboard-view_en.ftl"): Not found
2023-04-12 07:16:56 DEBUG cache:45 - TemplateLoader.findTemplateSource("v3html/dashboard-view/v3-html-dashboard-view.ftl"): Found
2023-04-12 07:16:56 DEBUG cache:45 - Loading template for "v3html/dashboard-view/v3-html-dashboard-view.ftl"("en", UTF-8, parsed) from "jar:file:/C:/Users/$G22000-HBGC7AJ48B0G/.m2/repository/com/aventstack/extentreports/4.0.9/extentreports-4.0.9.jar!/com/aventstack/extentreports/view/v3html/dashboard-view/v3-html-dashboard-view.ftl"
2023-04-12 07:16:56 DEBUG cache:45 - Couldn't find template in cache for "v3html/logs-view/v3-html-testrunner-logs-view.ftl"("en", UTF-8, parsed); will try to load it.
2023-04-12 07:16:56 DEBUG cache:45 - TemplateLoader.findTemplateSource("v3html/logs-view/v3-html-testrunner-logs-view_en.ftl"): Not found
2023-04-12 07:16:56 DEBUG cache:45 - TemplateLoader.findTemplateSource("v3html/logs-view/v3-html-testrunner-logs-view.ftl"): Found
2023-04-12 07:16:56 DEBUG cache:45 - Loading template for "v3html/logs-view/v3-html-testrunner-logs-view.ftl"("en", UTF-8, parsed) from "jar:file:/C:/Users/$G22000-HBGC7AJ48B0G/.m2/repository/com/aventstack/extentreports/4.0.9/extentreports-4.0.9.jar!/com/aventstack/extentreports/view/v3html/logs-view/v3-html-testrunner-logs-view.ftl"
2023-04-12 07:34:54 INFO  Log:11 - =============ChangeLanguge TEST START================
2023-04-12 11:43:57 INFO  Log:11 - =============ChangeLanguge TEST START================
2023-04-12 11:44:43 INFO  Log:11 - =============ChangeLanguge TEST START================
2023-04-12 11:44:51 INFO  Log:11 - =============DomainVerification TEST START================
2023-04-12 11:45:45 INFO  Log:11 - =============DomainVerification TEST START================
2023-04-14 12:09:11 INFO  Log:11 - =============ChangeLanguge TEST START================
2023-04-14 12:09:17 INFO  Log:11 - =============DomainVerification TEST START================
2023-04-14 12:11:49 INFO  Log:11 - =============ChangeLanguge TEST START================
2023-04-14 12:11:55 INFO  Log:11 - =============DomainVerification TEST START================
2023-04-14 12:11:58 INFO  Log:11 - =============loginTc01 TEST START================
2023-04-14 12:11:58 INFO  Log:22 - enter email and password
2023-04-14 12:11:58 INFO  Log:22 - Enter email
2023-04-17 06:50:40 INFO  Log:11 - =============ChangeLanguge TEST START================
2023-04-17 06:50:49 INFO  Log:11 - =============DomainVerification TEST START================
2023-04-17 06:50:54 INFO  Log:11 - =============loginTc01 TEST START================
2023-04-17 06:50:54 INFO  Log:22 - enter email and password
2023-04-17 06:50:54 INFO  Log:22 - Enter email
2023-04-17 06:51:01 INFO  Log:11 - =============loginTc01 TEST START================
2023-04-17 06:51:01 INFO  Log:22 - enter email and password
2023-04-17 06:51:01 INFO  Log:22 - Enter email
2023-04-17 06:51:06 INFO  Log:11 - =============loginTc01 TEST START================
2023-04-17 06:51:06 INFO  Log:22 - enter email and password
2023-04-17 06:51:06 INFO  Log:22 - Enter email
2023-04-17 06:51:12 INFO  Log:11 - =============loginTc01 TEST START================
2023-04-17 06:51:12 INFO  Log:22 - enter email and password
2023-04-17 06:51:12 INFO  Log:22 - Enter email
2023-04-17 06:51:16 INFO  Log:11 - =============backTc02 TEST START================
2023-04-17 06:51:16 INFO  Log:22 - Enter Email
2023-04-17 06:51:23 INFO  Log:11 - =============empProductivityTc03 TEST START================
2023-04-17 06:51:23 INFO  Log:22 - enter email and password
2023-04-17 06:51:23 INFO  Log:22 - Enter email
2023-04-17 06:51:37 INFO  Log:11 - =============loginTc01 TEST START================
2023-04-17 06:51:37 INFO  Log:22 - enter email and password
2023-04-17 06:51:37 INFO  Log:22 - Enter email
2023-04-17 06:55:56 INFO  Log:11 - =============ChangeLanguge TEST START================
2023-04-17 06:56:05 INFO  Log:11 - =============DomainVerification TEST START================
2023-04-17 06:56:11 INFO  Log:11 - =============loginTc01 TEST START================
2023-04-17 06:56:11 INFO  Log:22 - enter email and password
2023-04-17 06:56:11 INFO  Log:22 - Enter email
2023-04-17 06:56:15 INFO  Log:22 - click on next button
2023-04-17 06:56:15 INFO  Log:22 - Enter password
2023-04-17 06:56:16 INFO  Log:22 - Click on login button
2023-04-17 06:56:16 INFO  Log:22 - login successfull
2023-04-17 06:56:25 INFO  Log:11 - =============loginTc01 TEST START================
2023-04-17 06:56:25 INFO  Log:22 - enter email and password
2023-04-17 06:56:25 INFO  Log:22 - Enter email
2023-04-17 06:56:33 INFO  Log:22 - click on next button
2023-04-17 06:56:34 INFO  Log:22 - Enter password
2023-04-17 06:56:34 INFO  Log:22 - Click on login button
2023-04-17 06:56:34 INFO  Log:22 - login successfull
2023-04-17 06:56:45 INFO  Log:11 - =============loginTc01 TEST START================
2023-04-17 06:56:45 INFO  Log:22 - enter email and password
2023-04-17 06:56:45 INFO  Log:22 - Enter email
2023-04-17 06:56:49 INFO  Log:22 - click on next button
2023-04-17 06:56:49 INFO  Log:22 - Enter password
2023-04-17 06:56:49 INFO  Log:22 - Click on login button
2023-04-17 06:56:49 INFO  Log:22 - login successfull
2023-04-17 06:56:54 INFO  Log:11 - =============loginTc01 TEST START================
2023-04-17 06:56:54 INFO  Log:22 - enter email and password
2023-04-17 06:56:54 INFO  Log:22 - Enter email
2023-04-17 06:56:58 INFO  Log:22 - click on next button
2023-04-17 06:56:58 INFO  Log:22 - Enter password
2023-04-17 06:56:59 INFO  Log:22 - Click on login button
2023-04-17 06:56:59 INFO  Log:22 - login successfull
2023-04-17 06:57:05 INFO  Log:11 - =============backTc02 TEST START================
2023-04-17 06:57:05 INFO  Log:22 - Enter Email
2023-04-17 06:57:05 INFO  Log:22 - Click on next button
2023-04-17 06:57:06 INFO  Log:22 - Navigated to password page
2023-04-17 06:57:09 INFO  Log:22 - Click on back button
2023-04-17 06:57:09 INFO  Log:22 - Successfully navigated back to email page
2023-04-17 06:57:09 INFO  Log:15 - ==============backTc02 TEST END==================
2023-04-17 06:57:12 INFO  Log:11 - =============empProductivityTc03 TEST START================
2023-04-17 06:57:12 INFO  Log:22 - enter email and password
2023-04-17 06:57:12 INFO  Log:22 - Enter email
2023-04-17 06:57:16 INFO  Log:22 - click on next button
2023-04-17 06:57:16 INFO  Log:22 - Enter password
2023-04-17 06:57:16 INFO  Log:22 - Click on login button
2023-04-17 06:57:16 INFO  Log:22 - login successfull
2023-04-17 07:00:14 INFO  Log:15 - ==============empProductivityTc03 TEST END==================
2023-04-17 07:00:24 INFO  Log:11 - =============loginTc01 TEST START================
2023-04-17 07:00:24 INFO  Log:22 - enter email and password
2023-04-17 07:00:24 INFO  Log:22 - Enter email
2023-04-17 07:00:28 INFO  Log:22 - click on next button
2023-04-17 07:00:34 INFO  Log:22 - Enter password
2023-04-17 07:11:55 INFO  Log:11 - =============loginTc01 TEST START================
2023-04-17 07:11:55 INFO  Log:22 - enter email and password
2023-04-17 07:11:55 INFO  Log:22 - Enter email
2023-04-17 07:11:59 INFO  Log:22 - click on next button
2023-04-17 07:12:00 INFO  Log:22 - Enter password
2023-04-17 07:12:00 INFO  Log:22 - Click on login button
2023-04-17 07:12:02 INFO  Log:22 - login successfull
2023-04-17 07:12:02 INFO  Log:15 - ==============loginTc01 TEST END==================
2023-04-17 07:12:13 INFO  Log:11 - =============DomainVerification TEST START================
